SF:lib\pages\home_page.dart
DA:16,3
DA:18,1
DA:19,1
DA:26,4
DA:35,1
DA:36,6
DA:37,2
DA:40,1
DA:42,2
DA:43,1
DA:46,1
DA:48,1
DA:49,1
DA:50,1
DA:51,1
DA:59,1
DA:60,1
DA:61,1
DA:69,1
DA:70,1
DA:71,1
DA:72,1
DA:74,1
DA:75,1
DA:77,1
DA:78,3
DA:87,1
DA:89,1
DA:91,1
DA:92,1
DA:93,1
DA:94,1
DA:96,3
DA:103,3
DA:104,1
DA:105,2
DA:106,1
DA:107,2
DA:108,1
DA:109,1
DA:110,1
DA:111,3
DA:112,1
DA:117,1
DA:118,1
DA:119,1
DA:121,1
DA:122,1
DA:123,1
DA:124,1
DA:125,5
DA:126,1
DA:127,1
DA:128,1
DA:130,4
DA:135,1
DA:145,1
DA:146,1
DA:147,1
DA:148,1
DA:149,4
DA:151,1
DA:152,1
DA:153,1
DA:154,4
DA:155,1
DA:157,2
DA:163,1
DA:164,1
DA:165,2
DA:172,1
DA:173,1
DA:174,1
DA:175,1
DA:176,2
DA:177,4
DA:178,1
DA:179,1
DA:181,1
DA:182,1
DA:183,1
DA:184,2
DA:186,1
DA:187,2
DA:188,2
DA:189,1
DA:191,2
DA:192,1
DA:197,1
DA:199,4
DA:201,1
DA:202,2
DA:209,1
LF:93
LH:93
end_of_record
SF:lib\pages\watchlist_home_page.dart
DA:6,3
DA:8,1
DA:10,1
DA:11,1
DA:13,1
DA:14,1
DA:15,1
DA:16,1
DA:17,1
DA:18,2
DA:22,1
DA:24,1
DA:25,1
DA:26,1
DA:27,1
DA:28,1
LF:16
LH:16
end_of_record
SF:lib\widgets\custom_sliver_header.dart
DA:4,1
DA:10,1
DA:13,1
DA:14,1
DA:15,1
DA:19,1
DA:20,3
DA:22,1
DA:23,3
DA:25,1
LF:10
LH:10
end_of_record
