SF:lib\data\models\movie_table.dart
DA:13,4
DA:20,4
DA:21,2
DA:22,2
DA:23,2
DA:24,2
DA:27,4
DA:28,2
DA:29,2
DA:30,2
DA:31,2
DA:34,2
DA:35,1
DA:36,1
DA:37,1
DA:38,1
DA:41,4
DA:42,2
DA:43,2
DA:44,2
DA:45,2
DA:48,3
DA:49,15
DA:51,4
DA:52,2
DA:53,2
DA:54,2
DA:55,2
LF:28
LH:28
end_of_record
SF:lib\domain\entities\genre.dart
DA:4,8
DA:12,3
DA:13,9
LF:3
LH:3
end_of_record
SF:lib\domain\entities\movie.dart
DA:4,16
DA:20,2
DA:41,9
DA:42,9
DA:43,9
DA:44,9
DA:45,9
DA:46,9
DA:47,9
DA:48,9
DA:49,9
DA:50,9
DA:51,9
DA:52,9
DA:53,9
DA:54,9
DA:55,9
LF:17
LH:17
end_of_record
SF:lib\domain\entities\movie_detail.dart
DA:5,8
DA:33,2
DA:34,2
DA:35,2
DA:36,2
DA:37,2
DA:38,2
DA:39,2
DA:40,2
DA:41,2
DA:42,2
DA:43,2
DA:44,2
DA:45,2
LF:14
LH:14
end_of_record
SF:lib\data\datasources\movie_local_data_source.dart
DA:18,1
DA:21,1
DA:23,3
DA:26,1
DA:27,1
DA:33,1
DA:35,3
DA:38,1
DA:39,1
DA:45,1
DA:46,3
DA:48,1
DA:55,1
DA:56,3
DA:58,1
DA:59,2
DA:61,1
DA:65,1
DA:66,3
DA:67,3
DA:71,1
DA:72,3
DA:73,1
DA:75,1
DA:76,2
DA:78,1
DA:80,1
LF:27
LH:27
end_of_record
SF:lib\data\datasources\movie_remote_data_source.dart
DA:24,1
DA:27,1
DA:28,3
DA:29,2
DA:32,2
DA:33,1
DA:34,2
DA:35,1
DA:37,1
DA:42,1
DA:43,3
DA:44,2
DA:47,2
DA:48,1
DA:49,2
DA:52,1
DA:57,1
DA:58,3
DA:59,2
DA:62,2
DA:63,1
DA:64,2
DA:65,1
DA:67,1
DA:72,1
DA:73,3
DA:74,2
DA:77,2
DA:78,1
DA:79,2
DA:80,1
DA:82,1
DA:87,1
DA:88,3
DA:89,2
DA:92,2
DA:93,1
DA:94,2
DA:95,1
DA:97,1
DA:102,1
DA:103,3
DA:104,2
DA:107,2
DA:108,1
DA:109,2
DA:110,1
DA:112,1
LF:48
LH:48
end_of_record
SF:lib\data\models\movie_detail_model.dart
DA:7,4
DA:53,2
DA:54,2
DA:55,2
DA:56,2
DA:57,2
DA:58,2
DA:59,4
DA:60,2
DA:63,2
DA:64,2
DA:65,2
DA:66,2
DA:67,2
DA:68,2
DA:69,4
DA:70,2
DA:71,2
DA:72,2
DA:73,2
DA:74,2
DA:75,2
DA:76,2
DA:77,2
DA:78,4
DA:79,2
DA:82,2
DA:83,1
DA:84,1
DA:85,1
DA:86,3
DA:87,1
DA:88,1
DA:89,1
DA:90,1
DA:91,1
DA:92,1
DA:93,1
DA:94,1
DA:95,1
DA:96,1
DA:97,1
DA:98,1
DA:99,1
DA:100,1
DA:101,1
DA:102,1
DA:103,1
DA:106,1
DA:107,1
DA:108,1
DA:109,1
DA:110,1
DA:111,1
DA:112,2
DA:114,1
DA:115,1
DA:116,1
DA:117,1
DA:118,1
DA:119,1
DA:120,1
DA:121,1
DA:122,1
DA:123,1
DA:127,2
DA:128,2
DA:129,2
DA:130,2
DA:131,2
DA:132,2
DA:133,2
DA:134,2
DA:135,2
DA:136,2
DA:137,2
DA:138,2
DA:139,2
DA:140,2
DA:141,2
DA:142,2
DA:143,2
DA:144,2
DA:145,2
DA:146,2
DA:147,2
DA:148,2
DA:149,2
LF:88
LH:88
end_of_record
SF:lib\data\models\movie_model.dart
DA:5,6
DA:35,4
DA:36,2
DA:37,2
DA:38,8
DA:39,2
DA:40,2
DA:41,2
DA:42,4
DA:43,2
DA:44,2
DA:45,2
DA:46,2
DA:47,4
DA:48,2
DA:51,2
DA:52,1
DA:53,1
DA:54,4
DA:55,1
DA:56,1
DA:57,1
DA:58,1
DA:59,1
DA:60,1
DA:61,1
DA:62,1
DA:63,1
DA:64,1
DA:67,2
DA:68,2
DA:69,2
DA:70,2
DA:71,2
DA:72,2
DA:73,2
DA:74,2
DA:75,2
DA:76,2
DA:77,2
DA:78,2
DA:79,2
DA:80,2
DA:81,2
DA:85,2
DA:86,2
DA:87,2
DA:88,2
DA:89,2
DA:90,2
DA:91,2
DA:92,2
DA:93,2
DA:94,2
DA:95,2
DA:96,2
DA:97,2
DA:98,2
DA:99,2
LF:59
LH:59
end_of_record
SF:lib\data\models\movie_response.dart
DA:8,2
DA:10,4
DA:11,4
DA:12,6
DA:13,6
DA:16,2
DA:17,5
DA:20,1
DA:21,2
LF:9
LH:9
end_of_record
SF:lib\data\models\genre_model.dart
DA:5,4
DA:13,4
DA:14,2
DA:15,2
DA:18,2
DA:19,1
DA:20,1
DA:23,4
DA:24,2
DA:25,2
DA:28,2
DA:29,6
LF:12
LH:12
end_of_record
SF:lib\data\repositories\movie_repository_impl.dart
DA:19,1
DA:26,1
DA:27,3
DA:29,3
DA:30,2
DA:32,1
DA:33,2
DA:35,1
DA:37,1
DA:39,1
DA:40,2
DA:42,1
DA:45,1
DA:46,1
DA:47,1
DA:49,1
DA:50,1
DA:51,1
DA:56,3
DA:57,1
DA:59,1
DA:60,2
DA:62,1
DA:64,1
DA:65,1
DA:66,2
DA:73,1
DA:75,3
DA:76,1
DA:77,1
DA:79,1
DA:80,1
DA:81,1
DA:83,1
DA:84,1
DA:85,1
DA:91,1
DA:93,3
DA:94,1
DA:96,1
DA:97,0
DA:99,1
DA:101,1
DA:102,1
DA:103,1
DA:105,1
DA:106,1
DA:107,1
DA:113,1
DA:115,3
DA:116,1
DA:118,1
DA:119,2
DA:121,1
DA:123,1
DA:124,1
DA:125,1
DA:127,1
DA:128,1
DA:129,1
DA:135,1
DA:137,3
DA:138,1
DA:140,1
DA:141,2
DA:143,1
DA:145,1
DA:146,1
DA:147,1
DA:149,1
DA:150,1
DA:151,1
DA:157,1
DA:159,3
DA:160,1
DA:162,1
DA:163,2
DA:165,1
DA:167,1
DA:168,1
DA:169,1
DA:171,1
DA:172,1
DA:173,1
DA:179,1
DA:181,3
DA:182,1
DA:184,1
DA:185,1
DA:186,1
DA:187,2
DA:195,1
DA:197,3
DA:198,1
DA:200,1
DA:201,1
DA:202,1
DA:203,2
DA:209,1
DA:210,3
DA:215,1
DA:216,3
DA:217,1
DA:219,1
DA:220,2
DA:222,1
LF:106
LH:105
end_of_record
SF:lib\domain\usecases\get_movie_detail.dart
DA:9,1
DA:11,1
DA:12,2
LF:3
LH:3
end_of_record
SF:lib\domain\usecases\get_movie_recommendations.dart
DA:9,1
DA:11,1
DA:12,2
LF:3
LH:3
end_of_record
SF:lib\domain\usecases\get_now_playing_movies.dart
DA:9,1
DA:11,1
DA:12,2
LF:3
LH:3
end_of_record
SF:lib\domain\usecases\get_popular_movies.dart
DA:9,1
DA:11,1
DA:12,2
LF:3
LH:3
end_of_record
SF:lib\domain\usecases\get_top_rated_movies.dart
DA:9,1
DA:11,1
DA:12,2
LF:3
LH:3
end_of_record
SF:lib\domain\usecases\get_watchlist_movies.dart
DA:9,1
DA:11,1
DA:12,2
LF:3
LH:3
end_of_record
SF:lib\domain\usecases\get_watchlist_status.dart
DA:6,1
DA:8,1
DA:9,2
LF:3
LH:3
end_of_record
SF:lib\domain\usecases\remove_watchlist.dart
DA:9,1
DA:11,1
DA:12,2
LF:3
LH:3
end_of_record
SF:lib\domain\usecases\save_watchlist.dart
DA:9,1
DA:11,1
DA:12,2
LF:3
LH:3
end_of_record
SF:lib\domain\usecases\search_movies.dart
DA:9,1
DA:11,1
DA:12,2
LF:3
LH:3
end_of_record
SF:lib\presentation\pages\home_movie_page.dart
DA:16,3
DA:18,1
DA:19,1
DA:24,1
DA:26,1
DA:27,1
DA:30,1
DA:31,5
DA:34,1
DA:36,2
DA:38,1
DA:39,1
DA:40,1
DA:42,1
DA:43,1
DA:44,1
DA:46,1
DA:50,1
DA:51,1
DA:57,1
DA:58,1
DA:60,1
DA:61,1
DA:63,1
DA:66,1
DA:68,2
DA:72,1
DA:74,2
DA:85,1
DA:86,1
DA:88,1
DA:89,1
DA:91,1
DA:93,1
DA:94,1
DA:95,1
DA:97,1
DA:99,1
DA:112,1
DA:117,32
DA:119,0
DA:121,1
DA:123,2
DA:124,1
DA:125,2
DA:131,2
DA:138,32
DA:140,0
DA:142,1
DA:144,2
DA:145,1
DA:146,2
DA:152,2
DA:159,32
DA:161,0
DA:163,1
DA:165,2
DA:166,1
DA:167,2
DA:173,2
DA:182,2
DA:184,1
DA:186,1
DA:188,1
DA:190,1
DA:191,2
DA:192,1
DA:194,1
DA:195,1
DA:196,1
DA:199,1
DA:202,1
DA:206,1
DA:207,2
DA:213,2
LF:75
LH:72
end_of_record
SF:lib\presentation\bloc\bloc\search_movies\search_movies_state.dart
DA:4,3
DA:5,1
DA:6,1
DA:15,2
DA:16,1
DA:17,2
DA:22,2
DA:23,1
DA:24,2
LF:9
LH:9
end_of_record
SF:lib\presentation\bloc\bloc\search_movies\search_movies_event.dart
DA:4,2
DA:6,0
DA:7,0
DA:13,2
DA:15,0
DA:16,0
LF:6
LH:2
end_of_record
SF:lib\presentation\bloc\bloc\search_movies\search_movies_bloc.dart
DA:11,3
DA:12,1
DA:13,1
DA:14,1
DA:15,2
DA:16,3
DA:17,1
DA:18,1
DA:19,3
DA:21,1
DA:22,2
DA:26,1
DA:27,1
DA:28,1
LF:14
LH:14
end_of_record
SF:lib\presentation\bloc\cubit\detail_movies\detail_movies_cubit.dart
DA:23,0
DA:24,1
DA:35,1
DA:36,1
DA:39,1
DA:40,2
DA:41,3
DA:42,3
DA:43,3
DA:44,1
DA:45,2
DA:46,2
DA:48,1
DA:49,1
DA:50,2
DA:51,1
DA:54,1
DA:57,2
DA:58,1
DA:69,0
DA:71,0
DA:72,0
DA:73,0
DA:74,0
DA:77,0
DA:81,0
DA:83,0
DA:84,0
DA:85,0
DA:86,0
DA:87,0
DA:90,0
LF:32
LH:18
end_of_record
SF:lib\presentation\bloc\cubit\detail_movies\detail_movies_state.dart
DA:4,4
DA:5,1
DA:6,1
DA:15,3
DA:16,1
DA:17,2
DA:24,2
DA:29,1
DA:30,1
DA:31,1
DA:32,1
DA:33,1
DA:41,2
DA:46,1
DA:47,1
DA:48,1
DA:49,1
DA:50,1
LF:18
LH:18
end_of_record
SF:lib\presentation\bloc\cubit\movie_list\movie_list_state.dart
DA:4,36
DA:5,1
DA:6,1
DA:16,34
DA:17,1
DA:18,2
DA:26,2
DA:32,1
DA:33,1
DA:34,1
DA:35,1
DA:36,1
LF:12
LH:12
end_of_record
SF:lib\presentation\bloc\cubit\movie_list\movie_list_cubit.dart
DA:16,1
DA:23,1
DA:24,1
DA:26,1
DA:27,2
DA:28,3
DA:29,2
DA:30,2
DA:31,2
DA:34,1
DA:35,2
DA:36,2
DA:37,1
DA:40,1
DA:41,2
DA:44,1
DA:45,4
DA:46,2
DA:51,1
DA:52,1
DA:53,1
DA:54,1
LF:22
LH:22
end_of_record
SF:lib\presentation\bloc\cubit\top_rated_movies\top_rated_movies_cubit.dart
DA:9,1
DA:12,1
DA:13,1
DA:15,1
DA:16,2
DA:17,3
DA:18,1
DA:19,2
DA:20,2
DA:22,2
DA:23,1
LF:11
LH:11
end_of_record
SF:lib\presentation\bloc\cubit\top_rated_movies\top_rated_movies_state.dart
DA:4,4
DA:5,1
DA:6,1
DA:15,3
DA:16,1
DA:17,2
DA:22,2
DA:23,1
DA:24,2
LF:9
LH:9
end_of_record
SF:lib\presentation\bloc\cubit\popular_movies\popular_movies_state.dart
DA:4,4
DA:5,1
DA:6,1
DA:15,3
DA:16,1
DA:17,2
DA:22,2
DA:23,1
DA:24,2
LF:9
LH:9
end_of_record
SF:lib\presentation\bloc\cubit\popular_movies\popular_movies_cubit.dart
DA:9,1
DA:12,1
DA:13,1
DA:15,1
DA:16,2
DA:17,3
DA:18,1
DA:19,2
DA:20,2
DA:22,3
LF:10
LH:10
end_of_record
SF:lib\presentation\bloc\cubit\watchlist_movies\watchlist_movies_state.dart
DA:4,4
DA:5,1
DA:6,1
DA:15,3
DA:16,1
DA:17,2
DA:22,2
DA:23,1
DA:24,2
LF:9
LH:9
end_of_record
SF:lib\presentation\bloc\cubit\watchlist_movies\watchlist_movies_cubit.dart
DA:10,1
DA:13,1
DA:14,1
DA:17,1
DA:18,2
DA:19,3
DA:20,1
DA:21,2
DA:22,1
DA:23,1
DA:26,3
LF:11
LH:11
end_of_record
SF:lib\presentation\pages\popular_movies_page.dart
DA:9,1
DA:11,1
DA:12,1
DA:16,1
DA:18,1
DA:19,1
DA:20,4
DA:24,1
DA:26,1
DA:27,1
DA:39,32
DA:41,0
DA:43,1
DA:45,2
DA:46,1
DA:47,1
DA:49,2
DA:52,1
DA:53,1
DA:54,1
DA:55,2
DA:56,1
DA:58,2
LF:23
LH:22
end_of_record
SF:lib\presentation\pages\top_rated_movies_page.dart
DA:9,1
DA:11,1
DA:12,1
DA:16,1
DA:18,1
DA:19,1
DA:20,4
DA:24,1
DA:26,1
DA:27,1
DA:39,32
DA:41,0
DA:43,1
DA:45,2
DA:46,1
DA:47,1
DA:49,2
DA:52,1
DA:53,1
DA:54,1
DA:55,2
DA:56,1
DA:58,2
LF:23
LH:22
end_of_record
SF:lib\presentation\widgets\poster_image.dart
DA:5,7
DA:12,7
DA:19,7
DA:21,7
DA:22,7
DA:23,7
DA:24,7
DA:25,7
DA:26,7
DA:27,14
DA:28,7
DA:30,0
LF:12
LH:11
end_of_record
SF:lib\presentation\pages\movie_detail_page.dart
DA:16,3
DA:18,1
DA:19,1
DA:23,1
DA:25,1
DA:26,1
DA:27,4
DA:28,2
DA:33,1
DA:42,32
DA:44,0
DA:46,1
DA:48,2
DA:49,1
DA:50,1
DA:51,1
DA:52,1
DA:53,1
DA:54,1
DA:58,1
DA:59,1
DA:60,1
DA:61,1
DA:63,1
DA:64,1
DA:68,1
DA:69,1
DA:71,2
DA:85,1
DA:91,1
DA:93,1
DA:95,3
DA:96,1
DA:97,1
DA:98,1
DA:99,3
DA:102,1
DA:104,1
DA:105,1
DA:106,1
DA:116,1
DA:117,1
DA:118,1
DA:120,1
DA:122,1
DA:124,1
DA:125,1
DA:126,2
DA:127,1
DA:129,1
DA:130,1
DA:131,1
DA:132,1
DA:133,1
DA:134,2
DA:140,1
DA:141,1
DA:142,2
DA:150,2
DA:152,1
DA:155,1
DA:158,2
DA:159,2
DA:161,1
DA:163,1
DA:164,1
DA:165,1
DA:170,1
DA:172,1
DA:173,1
DA:180,1
DA:181,3
DA:183,1
DA:184,3
DA:186,1
DA:187,1
DA:188,1
DA:189,3
DA:191,1
DA:197,4
DA:201,1
DA:203,1
DA:205,1
DA:206,2
DA:209,1
DA:211,1
DA:213,1
DA:214,1
DA:216,1
DA:222,1
DA:224,1
DA:239,1
DA:241,1
DA:244,1
DA:246,1
DA:247,1
DA:256,1
DA:258,2
DA:259,3
DA:262,1
DA:266,3
DA:269,1
DA:270,1
DA:271,1
DA:273,1
DA:274,1
DA:276,1
DA:282,1
DA:286,1
DA:291,1
DA:293,2
DA:294,1
DA:296,2
DA:299,2
DA:306,1
DA:308,1
DA:310,1
DA:312,1
DA:313,2
DA:314,1
DA:316,1
DA:317,2
DA:318,1
DA:319,1
DA:320,1
DA:323,1
DA:326,1
DA:330,1
DA:331,2
DA:338,2
LF:130
LH:129
end_of_record
SF:lib\presentation\widgets\movie_card_list.dart
DA:12,10
DA:14,5
DA:16,5
DA:18,5
DA:19,1
DA:20,1
DA:23,2
DA:26,5
DA:28,5
DA:29,5
DA:30,5
DA:36,5
DA:38,5
DA:39,5
DA:40,10
DA:43,5
DA:45,5
DA:46,5
DA:47,10
DA:55,5
DA:60,5
DA:61,5
DA:62,15
DA:65,5
DA:66,5
LF:25
LH:25
end_of_record
SF:lib\presentation\pages\search_page.dart
DA:12,1
DA:14,1
DA:16,1
DA:17,1
DA:20,1
DA:22,1
DA:24,1
DA:25,1
DA:26,1
DA:27,3
DA:29,1
DA:30,3
DA:40,1
DA:42,1
DA:53,32
DA:55,0
DA:57,1
DA:59,2
DA:60,1
DA:65,1
DA:70,1
DA:71,1
DA:72,1
DA:74,1
DA:75,2
DA:76,1
DA:78,2
DA:82,1
DA:83,1
LF:29
LH:28
end_of_record
SF:lib\presentation\pages\watchlist_movies_page.dart
DA:9,1
DA:11,1
DA:12,1
DA:16,1
DA:18,1
DA:19,1
DA:20,4
DA:24,1
DA:36,32
DA:38,0
DA:40,1
DA:42,2
DA:43,1
DA:44,1
DA:46,2
DA:49,1
DA:50,1
DA:51,1
DA:52,2
DA:53,1
DA:55,2
LF:21
LH:20
end_of_record
