SF:lib\data\models\genre_model.dart
DA:5,28
DA:13,6
DA:14,3
DA:15,3
DA:18,4
DA:19,2
DA:20,2
DA:23,12
DA:25,3
DA:26,9
LF:10
LH:10
end_of_record
SF:lib\domain\entities\tv_genre.dart
DA:4,29
DA:12,4
DA:13,12
LF:3
LH:3
end_of_record
SF:lib\presentation\pages\search_tv_page.dart
DA:10,1
DA:12,1
DA:14,1
DA:15,1
DA:18,1
DA:20,1
DA:22,1
DA:23,1
DA:24,1
DA:25,3
DA:27,1
DA:28,3
DA:38,1
DA:40,1
DA:51,43
DA:53,0
DA:55,1
DA:57,2
DA:58,1
DA:63,1
DA:68,1
DA:69,1
DA:70,1
DA:72,1
DA:73,2
DA:74,1
DA:76,2
DA:80,1
DA:81,1
LF:29
LH:28
end_of_record
SF:lib\presentation\pages\watchlist_tvs_page.dart
DA:9,1
DA:11,1
DA:12,1
DA:16,1
DA:18,1
DA:19,1
DA:20,4
DA:24,1
DA:36,43
DA:38,0
DA:40,1
DA:42,2
DA:43,1
DA:44,1
DA:46,2
DA:49,1
DA:50,1
DA:51,1
DA:52,2
DA:53,1
DA:55,2
LF:21
LH:20
end_of_record
SF:lib\data\models\tv_table.dart
DA:7,27
DA:18,4
DA:19,2
DA:20,2
DA:21,2
DA:22,2
DA:25,4
DA:26,2
DA:27,2
DA:28,2
DA:29,2
DA:31,4
DA:32,2
DA:33,2
DA:34,2
DA:35,2
DA:38,4
DA:39,2
DA:40,2
DA:41,2
DA:42,2
DA:44,3
DA:45,15
DA:47,4
DA:48,2
DA:49,2
DA:50,2
DA:51,2
LF:28
LH:28
end_of_record
SF:lib\domain\entities\tv_detail.dart
DA:8,10
DA:48,3
DA:49,3
DA:50,3
DA:51,3
DA:52,3
DA:53,3
DA:54,3
DA:55,3
DA:56,3
DA:57,3
DA:58,3
DA:59,3
DA:60,3
DA:61,3
DA:62,3
DA:63,3
DA:64,3
DA:65,3
DA:66,3
DA:67,3
DA:68,3
LF:22
LH:22
end_of_record
SF:lib\presentation\pages\popular_tvs_page.dart
DA:9,1
DA:11,1
DA:12,1
DA:16,1
DA:18,1
DA:19,1
DA:20,4
DA:24,1
DA:26,1
DA:27,1
DA:39,43
DA:41,0
DA:43,1
DA:45,2
DA:46,1
DA:47,1
DA:49,2
DA:52,1
DA:53,1
DA:54,1
DA:55,2
DA:56,1
DA:58,2
LF:23
LH:22
end_of_record
SF:lib\presentation\pages\season_detail_page.dart
DA:11,1
DA:16,1
DA:22,1
DA:23,1
DA:29,1
DA:31,2
DA:32,3
DA:33,2
DA:34,5
DA:35,2
DA:36,3
DA:40,1
DA:41,4
DA:42,2
DA:43,3
DA:46,1
DA:49,1
DA:51,2
DA:52,1
DA:55,1
DA:57,1
DA:59,1
DA:60,1
DA:61,1
DA:62,1
DA:65,2
DA:66,1
DA:67,1
DA:69,2
DA:70,2
DA:74,1
DA:76,2
DA:77,1
DA:78,1
DA:95,1
DA:104,1
DA:106,1
DA:107,1
DA:108,1
DA:119,43
DA:121,0
DA:123,1
DA:135,43
DA:137,0
DA:139,0
DA:141,0
DA:142,0
DA:143,0
DA:145,0
DA:148,0
DA:149,0
DA:151,0
DA:152,0
DA:153,0
DA:154,0
DA:155,0
DA:156,0
DA:158,0
DA:159,0
DA:160,0
DA:162,0
DA:163,0
DA:164,0
DA:171,0
DA:172,0
DA:173,0
DA:174,0
DA:175,0
DA:176,0
DA:177,0
DA:190,43
DA:191,1
DA:193,2
DA:194,1
DA:195,1
DA:197,2
DA:200,1
DA:201,1
DA:202,1
DA:204,1
DA:205,1
DA:207,1
DA:209,1
DA:212,1
DA:213,5
DA:216,1
DA:218,1
DA:220,1
DA:223,1
DA:224,4
DA:240,1
DA:245,1
DA:248,2
DA:249,1
DA:252,1
DA:253,1
DA:254,1
DA:258,1
DA:259,2
DA:261,1
DA:262,1
DA:265,1
DA:266,3
DA:271,1
DA:273,1
DA:274,2
DA:283,1
DA:284,3
DA:285,2
DA:286,1
DA:287,3
DA:289,1
DA:291,1
DA:292,2
DA:293,3
DA:298,1
DA:300,1
DA:302,1
DA:303,1
DA:304,1
DA:307,1
DA:309,1
DA:310,1
DA:322,1
DA:323,1
DA:325,1
DA:328,1
LF:127
LH:99
end_of_record
SF:lib\presentation\pages\season_list_page.dart
DA:7,2
DA:10,1
DA:12,3
DA:13,2
DA:14,1
DA:15,1
DA:16,1
DA:18,1
DA:20,1
DA:21,1
DA:22,1
DA:23,1
DA:24,2
DA:25,1
DA:26,1
DA:27,1
DA:30,1
DA:32,2
DA:34,3
DA:38,1
DA:45,1
LF:21
LH:21
end_of_record
SF:lib\presentation\pages\top_rated_tvs_page.dart
DA:9,1
DA:11,1
DA:12,1
DA:16,1
DA:18,1
DA:19,1
DA:20,4
DA:24,1
DA:26,1
DA:27,1
DA:39,43
DA:41,0
DA:43,1
DA:45,2
DA:46,1
DA:47,1
DA:49,2
DA:52,1
DA:53,1
DA:54,1
DA:55,2
DA:56,1
DA:58,2
LF:23
LH:22
end_of_record
SF:lib\presentation\pages\tv_detail_page.dart
DA:20,1
DA:22,1
DA:23,1
DA:27,1
DA:29,1
DA:30,1
DA:31,4
DA:32,2
DA:37,1
DA:46,43
DA:48,0
DA:50,1
DA:52,2
DA:53,1
DA:54,1
DA:56,2
DA:59,1
DA:60,1
DA:61,1
DA:62,1
DA:63,1
DA:64,1
DA:68,1
DA:69,1
DA:70,1
DA:71,1
DA:73,1
DA:74,1
DA:90,1
DA:96,1
DA:98,1
DA:100,3
DA:101,1
DA:102,1
DA:103,1
DA:104,3
DA:107,1
DA:109,1
DA:110,1
DA:111,1
DA:123,1
DA:124,1
DA:125,1
DA:127,1
DA:129,1
DA:131,1
DA:132,1
DA:133,2
DA:134,1
DA:136,1
DA:137,2
DA:138,1
DA:140,1
DA:141,1
DA:142,1
DA:143,1
DA:144,1
DA:145,2
DA:147,1
DA:148,1
DA:149,2
DA:153,2
DA:155,1
DA:158,1
DA:161,1
DA:162,2
DA:163,1
DA:166,1
DA:168,1
DA:169,1
DA:170,1
DA:175,1
DA:177,1
DA:178,1
DA:185,1
DA:186,3
DA:188,1
DA:189,2
DA:191,3
DA:193,1
DA:194,1
DA:195,1
DA:196,2
DA:198,3
DA:200,2
DA:206,4
DA:209,1
DA:210,1
DA:212,1
DA:214,1
DA:215,2
DA:217,1
DA:218,1
DA:220,1
DA:221,1
DA:223,1
DA:225,1
DA:226,1
DA:227,1
DA:230,1
DA:239,3
DA:243,1
DA:245,1
DA:246,1
DA:247,1
DA:250,1
DA:251,3
DA:252,2
DA:254,3
DA:258,1
DA:260,3
DA:265,1
DA:267,1
DA:269,1
DA:270,1
DA:271,1
DA:276,1
DA:278,1
DA:293,1
DA:295,1
DA:298,1
DA:300,1
DA:301,1
DA:310,1
DA:312,2
DA:313,3
DA:316,1
DA:320,3
DA:323,1
DA:324,1
DA:325,1
DA:327,1
DA:328,1
DA:330,1
DA:336,1
DA:340,1
DA:344,1
DA:346,1
DA:347,1
DA:349,2
DA:352,2
DA:358,1
DA:360,1
DA:362,1
DA:364,1
DA:365,2
DA:366,1
DA:368,1
DA:369,2
DA:370,1
DA:371,1
DA:372,1
DA:375,1
DA:378,1
DA:382,1
DA:383,2
DA:390,2
LF:157
LH:156
end_of_record
SF:lib\data\datasources\tv_local_data_source.dart
DA:17,1
DA:20,1
DA:21,3
DA:22,3
DA:26,1
DA:27,3
DA:28,1
DA:30,1
DA:31,2
DA:33,1
DA:35,1
DA:39,1
DA:40,3
DA:42,1
DA:47,1
DA:48,3
DA:50,1
DA:51,2
DA:53,1
DA:57,1
DA:59,3
DA:62,1
DA:63,1
DA:69,1
DA:71,3
DA:74,1
DA:75,1
LF:27
LH:27
end_of_record
SF:lib\data\datasources\tv_remote_data_source.dart
DA:26,1
DA:28,1
DA:29,3
DA:30,2
DA:32,2
DA:33,1
DA:34,2
DA:35,1
DA:37,1
DA:42,1
DA:43,3
DA:44,2
DA:46,2
DA:47,1
DA:48,2
DA:49,1
DA:51,1
DA:56,1
DA:57,3
DA:58,2
DA:60,2
DA:61,1
DA:62,2
DA:65,1
DA:70,1
DA:71,3
DA:72,2
DA:74,2
DA:75,1
DA:76,2
DA:77,1
DA:79,1
DA:84,1
DA:85,3
DA:86,2
DA:88,2
DA:89,1
DA:90,2
DA:93,1
DA:98,1
DA:99,3
DA:100,2
DA:102,2
DA:103,1
DA:104,2
DA:105,1
DA:107,1
DA:112,1
DA:113,3
DA:114,2
DA:116,2
DA:117,1
DA:118,2
DA:119,1
DA:121,1
LF:55
LH:55
end_of_record
SF:lib\data\models\season_detail_model.dart
DA:7,3
DA:25,2
DA:26,2
DA:27,2
DA:28,2
DA:29,2
DA:30,2
DA:31,2
DA:32,2
DA:33,2
DA:34,2
DA:37,2
DA:38,2
DA:39,2
DA:40,4
DA:41,2
DA:42,4
DA:43,2
DA:44,2
DA:45,2
DA:46,2
DA:47,2
DA:50,2
DA:51,1
DA:52,2
DA:53,3
DA:54,1
DA:55,1
DA:56,1
DA:57,1
DA:58,1
DA:60,4
DA:61,2
DA:62,2
DA:63,8
DA:64,8
DA:65,6
DA:67,2
DA:68,2
DA:69,2
DA:70,2
LF:41
LH:41
end_of_record
SF:lib\data\models\tv_detail_model.dart
DA:8,3
DA:55,4
DA:56,2
DA:57,8
DA:58,4
DA:59,2
DA:60,8
DA:61,2
DA:62,2
DA:63,8
DA:64,4
DA:65,4
DA:66,2
DA:67,2
DA:68,2
DA:69,8
DA:70,2
DA:71,2
DA:72,2
DA:73,4
DA:74,2
DA:75,2
DA:76,8
DA:77,2
DA:78,4
DA:79,2
DA:82,2
DA:83,1
DA:84,4
DA:86,13
DA:87,5
DA:88,1
DA:89,1
DA:90,4
DA:92,13
DA:93,2
DA:94,1
DA:95,1
DA:96,1
DA:98,4
DA:99,1
DA:100,1
DA:101,1
DA:102,1
DA:103,1
DA:104,5
DA:105,1
DA:106,1
DA:107,1
DA:110,2
DA:111,2
DA:112,2
DA:113,2
DA:114,2
DA:115,2
DA:116,2
DA:117,2
DA:118,2
DA:119,2
DA:120,2
DA:121,2
DA:122,2
DA:123,2
DA:124,2
DA:125,2
DA:126,2
DA:127,2
DA:128,2
DA:129,2
DA:130,2
DA:131,2
DA:132,2
DA:133,2
DA:134,2
DA:137,2
DA:138,4
DA:139,2
DA:140,10
DA:142,2
DA:143,2
DA:144,2
DA:145,2
DA:146,2
DA:148,2
DA:149,2
DA:150,2
DA:151,2
DA:152,10
DA:153,2
DA:154,4
DA:155,2
DA:156,2
DA:157,2
DA:158,2
DA:159,2
DA:160,2
DA:161,4
LF:97
LH:97
end_of_record
SF:lib\data\models\tv_model.dart
DA:5,6
DA:34,4
DA:35,2
DA:36,2
DA:37,2
DA:38,8
DA:39,2
DA:40,2
DA:42,9
DA:43,2
DA:44,2
DA:45,4
DA:46,2
DA:47,4
DA:48,2
DA:50,4
DA:51,2
DA:52,2
DA:53,4
DA:54,2
DA:55,2
DA:56,2
DA:57,2
DA:58,2
DA:59,2
DA:60,2
DA:61,2
DA:62,2
DA:64,2
DA:65,1
DA:66,1
DA:67,4
DA:68,1
DA:69,1
DA:70,4
DA:71,1
DA:72,1
DA:73,1
DA:74,1
DA:75,1
DA:76,1
DA:77,1
DA:80,2
DA:81,2
DA:82,2
DA:83,2
DA:84,2
DA:85,2
DA:86,2
DA:87,2
DA:88,2
DA:89,2
DA:90,2
DA:91,2
DA:92,2
DA:93,2
DA:94,2
DA:95,2
LF:58
LH:58
end_of_record
SF:lib\data\models\tv_response.dart
DA:7,3
DA:9,4
DA:10,2
DA:11,2
DA:12,6
DA:13,6
DA:17,2
DA:18,5
DA:20,1
DA:21,2
LF:10
LH:10
end_of_record
SF:lib\data\models\episode_model.dart
DA:5,4
DA:27,6
DA:28,6
DA:29,3
DA:30,3
DA:31,3
DA:32,3
DA:33,3
DA:34,3
DA:35,3
DA:36,4
DA:37,3
DA:39,4
DA:41,26
DA:42,2
DA:43,2
DA:44,2
DA:45,2
DA:46,2
DA:47,2
DA:48,2
DA:49,2
DA:50,2
DA:52,3
DA:53,3
DA:54,3
DA:55,3
DA:56,3
DA:57,3
DA:58,3
DA:59,3
DA:60,3
DA:61,3
DA:62,3
DA:63,3
DA:66,6
DA:67,3
DA:68,3
DA:69,3
DA:70,6
DA:71,6
DA:72,3
DA:73,6
DA:74,3
DA:75,3
LF:45
LH:45
end_of_record
SF:lib\domain\entities\episode.dart
DA:4,12
DA:24,2
DA:25,5
DA:26,5
DA:27,5
DA:28,5
DA:29,5
DA:30,5
DA:31,5
DA:32,5
DA:33,5
DA:34,5
DA:35,5
LF:13
LH:13
end_of_record
SF:lib\domain\entities\season_detail.dart
DA:6,5
DA:24,3
DA:25,3
DA:26,3
DA:27,3
DA:28,3
DA:29,3
DA:30,3
DA:31,3
DA:32,3
DA:33,3
LF:11
LH:11
end_of_record
SF:lib\data\models\season_model.dart
DA:5,26
DA:22,6
DA:23,6
DA:24,3
DA:25,3
DA:26,3
DA:27,3
DA:28,3
DA:29,3
DA:32,4
DA:34,26
DA:35,2
DA:36,2
DA:37,2
DA:38,2
DA:39,2
DA:40,2
DA:42,3
DA:44,24
DA:46,6
DA:47,4
DA:48,3
DA:49,3
DA:50,12
DA:51,9
DA:53,3
DA:54,3
DA:55,3
LF:28
LH:28
end_of_record
SF:lib\domain\entities\season.dart
DA:4,11
DA:22,4
DA:23,4
DA:24,4
DA:25,4
DA:26,4
DA:27,4
DA:28,4
DA:29,4
DA:30,4
LF:10
LH:10
end_of_record
SF:lib\domain\entities\tv.dart
DA:6,15
DA:33,2
DA:39,9
DA:40,9
DA:41,9
DA:42,9
DA:43,9
DA:44,9
DA:45,9
DA:46,9
DA:47,9
DA:48,9
DA:49,9
DA:50,9
DA:51,9
DA:52,9
LF:16
LH:16
end_of_record
SF:lib\data\repositories\tv_repository_impl.dart
DA:20,1
DA:26,1
DA:27,3
DA:29,3
DA:30,2
DA:32,1
DA:33,2
DA:35,1
DA:37,1
DA:39,1
DA:40,2
DA:42,1
DA:44,1
DA:45,1
DA:46,1
DA:48,1
DA:49,1
DA:50,1
DA:55,3
DA:56,1
DA:58,1
DA:59,2
DA:61,1
DA:63,1
DA:64,1
DA:65,2
DA:72,1
DA:74,3
DA:75,1
DA:77,1
DA:78,2
DA:80,1
DA:82,1
DA:83,1
DA:84,1
DA:86,1
DA:87,1
DA:88,1
DA:94,1
DA:97,3
DA:98,1
DA:99,1
DA:101,1
DA:102,1
DA:103,1
DA:105,1
DA:106,1
DA:107,1
DA:113,1
DA:115,3
DA:116,1
DA:118,1
DA:119,2
DA:121,1
DA:123,1
DA:124,1
DA:125,1
DA:127,1
DA:128,1
DA:129,1
DA:135,1
DA:137,3
DA:138,1
DA:139,1
DA:141,1
DA:142,1
DA:143,1
DA:145,1
DA:146,1
DA:147,1
DA:153,1
DA:155,3
DA:156,1
DA:158,1
DA:159,2
DA:161,1
DA:163,1
DA:164,1
DA:165,1
DA:167,1
DA:168,1
DA:169,1
DA:175,1
DA:176,3
DA:177,1
DA:179,1
DA:180,2
DA:182,1
DA:187,1
DA:188,3
DA:193,1
DA:195,3
DA:196,1
DA:198,1
DA:199,1
DA:200,1
DA:201,2
DA:207,1
DA:209,3
DA:210,1
DA:212,1
DA:213,1
DA:214,1
DA:215,2
DA:223,1
DA:225,3
DA:226,1
DA:228,1
DA:229,2
DA:231,1
DA:233,1
DA:234,1
DA:235,1
DA:237,1
DA:238,1
DA:239,1
LF:116
LH:116
end_of_record
SF:lib\domain\usecases\get_now_playing_tv.dart
DA:9,1
DA:11,1
DA:12,2
LF:3
LH:3
end_of_record
SF:lib\domain\usecases\get_popular_tv.dart
DA:9,1
DA:11,1
DA:12,2
LF:3
LH:3
end_of_record
SF:lib\domain\usecases\get_season_detail.dart
DA:9,1
DA:11,1
DA:12,2
LF:3
LH:3
end_of_record
SF:lib\domain\usecases\get_top_rated_tv.dart
DA:9,1
DA:11,1
DA:12,2
LF:3
LH:3
end_of_record
SF:lib\domain\usecases\get_tv_detail.dart
DA:9,1
DA:11,1
DA:12,2
LF:3
LH:3
end_of_record
SF:lib\domain\usecases\get_tv_recommendations.dart
DA:9,1
DA:11,1
DA:12,2
LF:3
LH:3
end_of_record
SF:lib\domain\usecases\get_watchlist_tv.dart
DA:9,1
DA:11,1
DA:12,2
LF:3
LH:3
end_of_record
SF:lib\domain\usecases\get_watchlist_tv_status.dart
DA:6,1
DA:8,1
DA:9,2
LF:3
LH:3
end_of_record
SF:lib\domain\usecases\remove_tv_watchlist.dart
DA:9,1
DA:11,1
DA:12,2
LF:3
LH:3
end_of_record
SF:lib\domain\usecases\save_tv_watchlist.dart
DA:9,1
DA:11,1
DA:12,2
LF:3
LH:3
end_of_record
SF:lib\domain\usecases\search_tv.dart
DA:9,1
DA:11,1
DA:12,2
LF:3
LH:3
end_of_record
SF:lib\presentation\bloc\bloc\search_movies\search_tvs_state.dart
DA:4,3
DA:5,1
DA:6,1
DA:15,2
DA:16,1
DA:17,2
DA:22,2
DA:23,1
DA:24,2
LF:9
LH:9
end_of_record
SF:lib\presentation\bloc\bloc\search_movies\search_tvs_event.dart
DA:4,2
DA:6,0
DA:7,0
DA:13,2
DA:15,0
DA:16,0
LF:6
LH:2
end_of_record
SF:lib\presentation\bloc\bloc\search_movies\search_tvs_bloc.dart
DA:11,3
DA:12,1
DA:13,1
DA:14,1
DA:15,2
DA:16,3
DA:17,1
DA:18,1
DA:19,3
DA:21,1
DA:22,2
DA:26,1
DA:27,1
DA:28,1
LF:14
LH:14
end_of_record
SF:lib\presentation\bloc\cubit\detail_season\detail_season_state.dart
DA:4,4
DA:5,1
DA:6,1
DA:15,3
DA:16,1
DA:17,2
DA:22,2
DA:23,1
DA:24,2
LF:9
LH:9
end_of_record
SF:lib\presentation\bloc\cubit\detail_season\detail_season_cubit.dart
DA:9,1
DA:12,1
DA:13,1
DA:15,1
DA:16,2
DA:17,3
DA:21,1
DA:22,2
DA:23,2
DA:25,2
DA:26,1
LF:11
LH:11
end_of_record
SF:lib\presentation\bloc\cubit\detail_tv\detail_tv_state.dart
DA:4,4
DA:5,1
DA:6,1
DA:15,3
DA:16,1
DA:17,2
DA:24,2
DA:29,1
DA:30,1
DA:31,1
DA:32,1
DA:33,1
DA:41,2
DA:46,1
DA:47,1
DA:48,1
DA:49,1
DA:50,1
LF:18
LH:18
end_of_record
SF:lib\presentation\bloc\cubit\detail_tv\detail_tv_cubit.dart
DA:23,0
DA:24,1
DA:35,1
DA:36,1
DA:39,1
DA:40,2
DA:41,3
DA:42,3
DA:43,3
DA:44,1
DA:45,2
DA:46,2
DA:48,1
DA:49,1
DA:50,2
DA:51,1
DA:54,1
DA:57,2
DA:58,1
DA:69,0
DA:71,0
DA:72,0
DA:73,0
DA:74,0
DA:77,0
DA:81,0
DA:83,0
DA:84,0
DA:85,0
DA:86,0
DA:87,0
DA:90,0
LF:32
LH:18
end_of_record
SF:lib\presentation\bloc\cubit\popular_tvs\popular_tvs_state.dart
DA:4,4
DA:5,1
DA:6,1
DA:15,3
DA:16,1
DA:17,2
DA:22,2
DA:23,1
DA:24,2
LF:9
LH:9
end_of_record
SF:lib\presentation\bloc\cubit\popular_tvs\popular_tvs_cubit.dart
DA:9,1
DA:12,1
DA:13,1
DA:15,1
DA:16,2
DA:17,3
DA:18,1
DA:19,2
DA:20,2
DA:22,3
LF:10
LH:10
end_of_record
SF:lib\presentation\bloc\cubit\top_rated_movies\top_rated_tvs_state.dart
DA:4,4
DA:5,1
DA:6,1
DA:15,3
DA:16,1
DA:17,2
DA:22,2
DA:23,1
DA:24,2
LF:9
LH:9
end_of_record
SF:lib\presentation\bloc\cubit\top_rated_movies\top_rated_tvs_cubit.dart
DA:9,1
DA:12,1
DA:13,1
DA:15,1
DA:16,2
DA:17,3
DA:18,1
DA:19,2
DA:20,2
DA:22,2
DA:23,1
LF:11
LH:11
end_of_record
SF:lib\presentation\bloc\cubit\tv_list\tv_list_cubit.dart
DA:15,1
DA:22,1
DA:23,1
DA:25,1
DA:26,2
DA:27,3
DA:28,2
DA:29,2
DA:30,2
DA:33,1
DA:34,2
DA:35,2
DA:36,1
DA:39,1
DA:40,2
DA:43,1
DA:44,4
DA:45,2
DA:50,1
DA:51,1
DA:52,1
DA:53,1
LF:22
LH:22
end_of_record
SF:lib\presentation\bloc\cubit\tv_list\tv_list_state.dart
DA:4,47
DA:5,1
DA:6,1
DA:16,45
DA:17,1
DA:18,2
DA:26,2
DA:32,1
DA:33,1
DA:34,1
DA:35,1
DA:36,1
LF:12
LH:12
end_of_record
SF:lib\presentation\bloc\cubit\watchlist_tvs\watchlist_tvs_state.dart
DA:4,4
DA:5,1
DA:6,1
DA:15,3
DA:16,1
DA:17,2
DA:22,2
DA:23,1
DA:24,2
LF:9
LH:9
end_of_record
SF:lib\presentation\bloc\cubit\watchlist_tvs\watchlist_tvs_cubit.dart
DA:10,1
DA:13,1
DA:14,1
DA:17,1
DA:18,2
DA:19,3
DA:20,1
DA:21,2
DA:22,1
DA:23,1
DA:26,3
LF:11
LH:11
end_of_record
SF:lib\presentation\pages\home_tv_page.dart
DA:16,3
DA:18,1
DA:19,1
DA:24,1
DA:26,1
DA:27,1
DA:30,1
DA:31,1
DA:32,4
DA:36,1
DA:38,2
DA:40,1
DA:41,1
DA:42,1
DA:44,1
DA:45,1
DA:46,1
DA:48,1
DA:52,1
DA:53,1
DA:59,1
DA:60,1
DA:62,1
DA:63,1
DA:65,1
DA:68,1
DA:70,2
DA:74,1
DA:76,2
DA:87,1
DA:88,1
DA:90,1
DA:91,1
DA:93,1
DA:95,1
DA:96,1
DA:97,1
DA:99,1
DA:101,1
DA:114,1
DA:121,2
DA:123,1
DA:125,1
DA:127,1
DA:129,1
DA:130,2
DA:131,1
DA:133,1
DA:134,1
DA:135,1
DA:138,1
DA:141,1
DA:145,1
DA:146,2
DA:152,2
DA:159,43
DA:161,0
DA:163,1
DA:165,2
DA:166,1
DA:167,2
DA:173,2
DA:180,43
DA:182,0
DA:184,1
DA:186,2
DA:187,1
DA:188,2
DA:194,2
DA:201,43
DA:203,0
DA:205,1
DA:207,2
DA:208,1
DA:209,2
DA:215,2
LF:76
LH:73
end_of_record
SF:lib\presentation\widgets\poster_image.dart
DA:5,11
DA:12,11
DA:19,11
DA:21,11
DA:22,11
DA:23,11
DA:24,11
DA:25,11
DA:26,11
DA:27,22
DA:28,11
DA:30,0
LF:12
LH:11
end_of_record
SF:lib\presentation\widgets\tv_card_list.dart
DA:11,10
DA:13,5
DA:15,5
DA:17,5
DA:18,1
DA:19,1
DA:22,2
DA:25,5
DA:27,5
DA:28,5
DA:29,5
DA:35,5
DA:37,5
DA:38,5
DA:39,10
DA:42,5
DA:44,5
DA:45,5
DA:46,10
DA:54,5
DA:59,5
DA:60,5
DA:61,15
DA:64,5
DA:65,5
LF:25
LH:25
end_of_record
SF:lib\presentation\widgets\custom_sliver_header.dart
DA:4,1
DA:10,1
DA:13,1
DA:14,1
DA:15,1
DA:19,1
DA:20,3
DA:22,1
DA:23,3
DA:25,1
LF:10
LH:10
end_of_record
SF:lib\presentation\widgets\episode_card.dart
DA:10,1
DA:17,0
DA:25,1
DA:27,1
DA:28,1
DA:30,1
DA:31,1
DA:32,3
DA:33,1
DA:35,1
DA:38,1
DA:40,1
DA:41,1
DA:42,1
DA:43,1
DA:45,1
DA:48,1
DA:51,1
DA:52,1
DA:54,1
DA:55,1
DA:56,1
DA:57,1
DA:58,1
DA:59,2
DA:61,2
DA:67,3
DA:70,1
DA:71,1
LF:29
LH:28
end_of_record
SF:lib\presentation\widgets\season_card.dart
DA:8,3
DA:12,3
DA:17,3
DA:19,3
DA:20,6
DA:21,3
DA:23,3
DA:25,3
DA:26,3
DA:27,3
DA:28,3
DA:30,3
DA:32,3
DA:33,9
DA:34,3
DA:38,3
DA:40,3
DA:41,3
DA:42,3
DA:43,6
DA:44,3
DA:46,3
DA:47,18
DA:48,3
DA:50,3
DA:52,3
DA:53,9
DA:55,12
DA:56,0
DA:57,9
LF:30
LH:29
end_of_record
SF:lib\presentation\widgets\read_more_text_view.dart
DA:5,2
DA:9,2
DA:12,2
DA:13,2
DA:18,2
DA:19,14
DA:20,6
DA:22,4
DA:25,2
DA:27,2
DA:29,2
DA:30,2
DA:31,2
DA:32,2
DA:34,2
DA:35,1
DA:36,2
DA:37,2
DA:40,4
LF:19
LH:19
end_of_record
SF:lib\presentation\widgets\state_widget.dart
DA:5,1
DA:10,1
DA:14,1
DA:16,1
DA:17,1
DA:18,1
DA:20,1
DA:21,2
DA:24,1
DA:25,1
DA:27,1
DA:29,1
DA:30,1
DA:31,1
DA:33,1
DA:34,1
LF:16
LH:16
end_of_record
