SF:lib\common\network_info.dart
DA:10,1
DA:12,1
DA:13,2
LF:3
LH:3
end_of_record
SF:lib\common\exception.dart
DA:6,4
DA:11,4
LF:2
LH:2
end_of_record
SF:lib\data\datasources\movie_local_data_source.dart
DA:17,1
DA:20,1
DA:22,3
DA:25,2
DA:30,1
DA:32,3
DA:35,2
DA:40,1
DA:41,3
DA:43,1
DA:50,1
DA:51,3
DA:52,4
DA:56,1
DA:57,3
DA:58,3
DA:62,1
DA:63,3
DA:64,2
DA:65,4
DA:67,1
LF:21
LH:21
end_of_record
SF:lib\data\models\movie_table.dart
DA:12,3
DA:19,4
DA:20,2
DA:21,2
DA:22,2
DA:23,2
DA:26,4
DA:27,2
DA:28,2
DA:29,2
DA:30,2
DA:33,2
DA:34,1
DA:35,1
DA:36,1
DA:37,1
DA:40,4
DA:41,2
DA:42,2
DA:43,2
DA:44,2
DA:47,3
DA:48,15
DA:50,4
DA:51,2
DA:52,2
DA:53,2
DA:54,2
LF:28
LH:28
end_of_record
SF:lib\domain\entities\genre.dart
DA:4,18
DA:12,4
DA:13,12
LF:3
LH:3
end_of_record
SF:lib\domain\entities\movie.dart
DA:4,15
DA:20,3
DA:41,3
DA:42,3
DA:43,3
DA:44,3
DA:45,3
DA:46,3
DA:47,3
DA:48,3
DA:49,3
DA:50,3
DA:51,3
DA:52,3
DA:53,3
DA:54,3
DA:55,3
LF:17
LH:17
end_of_record
SF:lib\domain\entities\movie_detail.dart
DA:5,7
DA:33,1
DA:34,1
DA:35,1
DA:36,1
DA:37,1
DA:38,1
DA:39,1
DA:40,1
DA:41,1
DA:42,1
DA:43,1
DA:44,1
DA:45,1
LF:14
LH:14
end_of_record
SF:lib\common\failure.dart
DA:6,15
DA:8,2
DA:9,4
DA:13,26
DA:17,4
DA:21,12
DA:25,4
LF:7
LH:7
end_of_record
SF:lib\data\datasources\db\database_helper.dart
DA:9,0
DA:13,0
DA:17,0
DA:19,0
DA:29,0
DA:30,0
DA:31,0
DA:33,0
DA:37,0
DA:38,0
DA:45,0
DA:46,0
DA:54,0
DA:55,0
DA:62,0
DA:63,0
DA:71,0
DA:74,0
DA:76,0
DA:77,0
DA:78,0
DA:79,0
DA:80,0
DA:81,0
DA:86,0
DA:88,0
DA:89,0
DA:90,0
DA:91,0
DA:92,0
DA:93,0
DA:98,0
DA:99,0
DA:100,0
DA:103,0
DA:109,0
DA:110,0
DA:111,0
DA:114,0
DA:120,0
DA:121,0
DA:122,0
DA:125,0
DA:129,0
DA:130,0
DA:131,0
DA:134,0
DA:138,0
DA:139,0
DA:140,0
DA:143,0
DA:144,0
DA:145,0
DA:148,0
DA:149,0
DA:150,0
DA:153,0
DA:157,0
DA:158,0
DA:159,0
DA:162,0
DA:166,0
DA:167,0
DA:168,0
DA:171,0
DA:174,0
DA:175,0
DA:179,0
DA:180,0
DA:181,0
DA:184,0
DA:187,0
DA:188,0
DA:192,0
DA:193,0
DA:194,0
DA:199,0
DA:200,0
DA:201,0
LF:79
LH:0
end_of_record
SF:lib\data\datasources\movie_remote_data_source.dart
DA:24,1
DA:27,1
DA:29,5
DA:31,2
DA:32,4
DA:34,1
DA:39,1
DA:41,5
DA:43,2
DA:44,3
DA:46,1
DA:51,1
DA:52,2
DA:53,3
DA:55,2
DA:56,4
DA:58,1
DA:63,1
DA:65,5
DA:67,2
DA:68,4
DA:70,1
DA:75,1
DA:77,5
DA:79,2
DA:80,4
DA:82,1
DA:87,1
DA:88,2
DA:89,3
DA:91,2
DA:92,4
DA:94,1
LF:33
LH:33
end_of_record
SF:lib\data\datasources\tv_local_data_source.dart
DA:17,1
DA:20,1
DA:21,3
DA:22,3
DA:26,1
DA:27,3
DA:28,1
DA:29,4
DA:31,1
DA:35,1
DA:36,3
DA:38,1
DA:43,1
DA:44,3
DA:45,4
DA:49,1
DA:51,3
DA:54,2
DA:59,1
DA:61,3
DA:64,2
LF:21
LH:21
end_of_record
SF:lib\data\datasources\tv_remote_data_source.dart
DA:26,1
DA:28,1
DA:30,5
DA:31,2
DA:32,4
DA:34,1
DA:39,1
DA:41,5
DA:42,2
DA:43,4
DA:45,1
DA:50,1
DA:51,2
DA:52,3
DA:53,2
DA:54,3
DA:56,1
DA:61,1
DA:63,5
DA:64,2
DA:65,4
DA:67,1
DA:72,1
DA:73,5
DA:74,2
DA:75,3
DA:77,1
DA:82,1
DA:83,2
DA:84,3
DA:85,2
DA:86,4
DA:88,1
DA:93,1
DA:94,2
DA:95,3
DA:96,2
DA:97,4
DA:99,1
LF:39
LH:39
end_of_record
SF:lib\data\models\movie_detail_model.dart
DA:6,3
DA:52,2
DA:53,2
DA:54,2
DA:55,2
DA:56,2
DA:57,2
DA:58,6
DA:59,2
DA:60,2
DA:61,2
DA:62,2
DA:63,2
DA:64,2
DA:65,4
DA:66,2
DA:67,2
DA:68,2
DA:69,2
DA:70,2
DA:71,2
DA:72,2
DA:73,2
DA:74,4
DA:75,2
DA:78,2
DA:79,1
DA:80,1
DA:81,1
DA:82,3
DA:83,1
DA:84,1
DA:85,1
DA:86,1
DA:87,1
DA:88,1
DA:89,1
DA:90,1
DA:91,1
DA:92,1
DA:93,1
DA:94,1
DA:95,1
DA:96,1
DA:97,1
DA:98,1
DA:99,1
DA:102,1
DA:103,1
DA:104,1
DA:105,1
DA:106,5
DA:107,1
DA:108,1
DA:109,1
DA:110,1
DA:111,1
DA:112,1
DA:113,1
DA:114,1
DA:115,1
DA:119,2
DA:121,2
DA:122,2
DA:123,2
DA:124,2
DA:125,2
DA:126,2
DA:127,2
DA:128,2
DA:129,2
DA:130,2
DA:131,2
DA:132,2
DA:133,2
DA:134,2
DA:135,2
DA:136,2
DA:137,2
DA:138,2
DA:139,2
DA:140,2
DA:141,2
DA:142,2
LF:84
LH:84
end_of_record
SF:lib\data\models\movie_model.dart
DA:5,5
DA:35,4
DA:36,2
DA:37,2
DA:38,8
DA:39,2
DA:40,2
DA:41,2
DA:42,4
DA:43,2
DA:44,2
DA:45,2
DA:46,2
DA:47,4
DA:48,2
DA:51,2
DA:52,1
DA:53,1
DA:54,4
DA:55,1
DA:56,1
DA:57,1
DA:58,1
DA:59,1
DA:60,1
DA:61,1
DA:62,1
DA:63,1
DA:64,1
DA:67,2
DA:68,2
DA:69,2
DA:70,2
DA:71,2
DA:72,2
DA:73,2
DA:74,2
DA:75,2
DA:76,2
DA:77,2
DA:78,2
DA:79,2
DA:80,2
DA:81,2
DA:85,2
DA:86,2
DA:87,2
DA:88,2
DA:89,2
DA:90,2
DA:91,2
DA:92,2
DA:93,2
DA:94,2
DA:95,2
DA:96,2
DA:97,2
DA:98,2
DA:99,2
LF:59
LH:59
end_of_record
SF:lib\data\models\season_detail_model.dart
DA:7,3
DA:25,2
DA:27,2
DA:28,2
DA:29,2
DA:30,2
DA:31,2
DA:32,2
DA:33,2
DA:34,2
DA:35,2
DA:38,2
DA:39,2
DA:40,2
DA:41,4
DA:42,2
DA:43,4
DA:44,2
DA:45,2
DA:46,2
DA:47,2
DA:48,2
DA:51,2
DA:52,1
DA:53,2
DA:54,3
DA:55,1
DA:56,1
DA:57,1
DA:58,1
DA:59,1
DA:61,4
DA:62,2
DA:63,2
DA:64,8
DA:65,4
DA:66,4
DA:67,2
DA:68,2
DA:69,2
LF:40
LH:40
end_of_record
SF:lib\data\models\tv_detail_model.dart
DA:9,3
DA:56,4
DA:57,2
DA:58,8
DA:59,4
DA:60,2
DA:61,8
DA:62,2
DA:63,2
DA:64,8
DA:65,4
DA:66,4
DA:67,2
DA:68,2
DA:69,2
DA:70,8
DA:71,2
DA:72,2
DA:73,2
DA:74,4
DA:75,2
DA:76,2
DA:77,8
DA:78,2
DA:79,4
DA:80,2
DA:83,2
DA:84,1
DA:85,4
DA:87,13
DA:88,5
DA:89,1
DA:90,1
DA:91,4
DA:93,13
DA:94,2
DA:95,1
DA:96,1
DA:97,1
DA:99,4
DA:100,1
DA:101,1
DA:102,1
DA:103,1
DA:104,1
DA:105,5
DA:106,1
DA:107,1
DA:108,1
DA:111,2
DA:113,2
DA:114,2
DA:115,2
DA:116,2
DA:117,2
DA:118,2
DA:119,2
DA:120,2
DA:121,2
DA:122,2
DA:123,2
DA:124,2
DA:125,2
DA:126,2
DA:127,2
DA:128,2
DA:129,2
DA:130,2
DA:131,2
DA:132,2
DA:133,2
DA:134,2
DA:135,2
DA:136,2
DA:139,4
DA:140,2
DA:141,2
DA:142,2
DA:143,6
DA:144,10
DA:145,2
DA:146,2
DA:147,2
DA:148,2
DA:149,10
DA:150,2
DA:151,4
DA:152,2
DA:153,2
DA:154,2
DA:155,2
DA:156,2
DA:157,2
DA:158,4
LF:94
LH:94
end_of_record
SF:lib\data\models\tv_model.dart
DA:5,5
DA:34,4
DA:35,2
DA:36,2
DA:37,2
DA:38,8
DA:39,2
DA:40,2
DA:42,9
DA:43,2
DA:44,2
DA:45,4
DA:46,2
DA:47,4
DA:48,2
DA:50,4
DA:51,2
DA:52,2
DA:53,4
DA:54,2
DA:55,2
DA:56,2
DA:57,2
DA:58,2
DA:59,2
DA:60,2
DA:61,2
DA:62,2
DA:63,2
DA:65,2
DA:66,1
DA:67,1
DA:68,4
DA:69,1
DA:70,1
DA:71,4
DA:72,1
DA:73,1
DA:74,1
DA:75,1
DA:76,1
DA:77,1
DA:78,1
DA:81,2
DA:83,2
DA:84,2
DA:85,2
DA:86,2
DA:87,2
DA:88,2
DA:89,2
DA:90,2
DA:91,2
DA:92,2
DA:93,2
DA:94,2
DA:95,2
DA:96,2
DA:97,2
LF:59
LH:59
end_of_record
SF:lib\data\models\tv_table.dart
DA:7,4
DA:18,4
DA:19,2
DA:20,2
DA:21,2
DA:22,2
DA:25,4
DA:26,2
DA:27,2
DA:28,2
DA:29,2
DA:31,4
DA:32,2
DA:33,2
DA:34,2
DA:35,2
DA:38,6
DA:39,3
DA:40,3
DA:41,3
DA:42,3
DA:44,3
DA:45,15
DA:47,4
DA:48,2
DA:49,2
DA:50,2
DA:51,2
LF:28
LH:28
end_of_record
SF:lib\domain\entities\season_detail.dart
DA:6,5
DA:24,2
DA:26,2
DA:27,2
DA:28,2
DA:29,2
DA:30,2
DA:31,2
DA:32,2
DA:33,2
DA:34,2
LF:11
LH:11
end_of_record
SF:lib\domain\entities\tv.dart
DA:4,14
DA:33,3
DA:39,3
DA:40,3
DA:41,3
DA:42,3
DA:43,3
DA:44,3
DA:45,3
DA:46,3
DA:47,3
DA:48,3
DA:49,3
DA:50,3
DA:51,3
DA:52,3
DA:53,3
LF:17
LH:17
end_of_record
SF:lib\domain\entities\tv_detail.dart
DA:8,10
DA:49,2
DA:51,2
DA:52,2
DA:53,2
DA:54,2
DA:55,2
DA:56,2
DA:57,2
DA:58,2
DA:59,2
DA:60,2
DA:61,2
DA:62,2
DA:63,2
DA:64,2
DA:65,2
DA:66,2
DA:67,2
DA:68,2
DA:69,2
DA:70,2
LF:22
LH:22
end_of_record
SF:lib\data\models\movie_response.dart
DA:7,2
DA:9,4
DA:10,4
DA:11,6
DA:12,6
DA:15,2
DA:16,5
DA:19,1
DA:20,2
LF:9
LH:9
end_of_record
SF:lib\data\models\tv_response.dart
DA:7,2
DA:9,4
DA:10,2
DA:11,2
DA:12,6
DA:13,6
DA:17,2
DA:18,5
DA:20,1
DA:22,2
LF:10
LH:10
end_of_record
SF:lib\data\models\genre_model.dart
DA:5,6
DA:13,8
DA:14,4
DA:15,4
DA:18,4
DA:19,2
DA:20,2
DA:23,4
DA:24,12
DA:27,4
DA:28,12
LF:11
LH:11
end_of_record
SF:lib\domain\usecases\movie\get_movie_detail.dart
DA:9,1
DA:11,1
DA:12,2
LF:3
LH:3
end_of_record
SF:lib\domain\usecases\movie\get_movie_recommendations.dart
DA:9,1
DA:11,1
DA:12,2
LF:3
LH:3
end_of_record
SF:lib\domain\usecases\movie\get_watchlist_status.dart
DA:6,1
DA:8,1
DA:9,2
LF:3
LH:3
end_of_record
SF:lib\domain\usecases\movie\remove_watchlist.dart
DA:9,1
DA:11,1
DA:12,2
LF:3
LH:3
end_of_record
SF:lib\domain\usecases\movie\save_watchlist.dart
DA:9,1
DA:11,1
DA:12,2
LF:3
LH:3
end_of_record
SF:lib\presentation\pages\movie\movie_detail_page.dart
DA:17,1
DA:19,1
DA:20,1
DA:24,1
DA:26,1
DA:27,2
DA:28,2
DA:29,3
DA:30,2
DA:31,3
DA:35,1
DA:37,1
DA:38,1
DA:39,1
DA:40,2
DA:41,1
DA:42,1
DA:44,2
DA:45,1
DA:46,1
DA:47,1
DA:49,1
DA:50,1
DA:54,1
DA:56,2
DA:70,1
DA:72,1
DA:74,3
DA:75,1
DA:76,1
DA:77,1
DA:78,3
DA:81,1
DA:83,1
DA:84,1
DA:85,1
DA:86,1
DA:88,2
DA:95,1
DA:96,1
DA:97,1
DA:99,1
DA:101,1
DA:103,1
DA:104,1
DA:105,2
DA:106,1
DA:108,1
DA:109,1
DA:110,1
DA:111,2
DA:114,2
DA:116,2
DA:119,2
DA:123,1
DA:125,1
DA:127,1
DA:130,1
DA:133,2
DA:134,2
DA:136,1
DA:138,1
DA:139,1
DA:140,1
DA:145,1
DA:147,1
DA:148,1
DA:149,1
DA:150,1
DA:151,1
DA:155,1
DA:156,3
DA:158,1
DA:159,3
DA:161,1
DA:162,1
DA:163,1
DA:164,3
DA:166,2
DA:172,4
DA:175,1
DA:176,1
DA:178,1
DA:180,1
DA:181,2
DA:183,1
DA:184,1
DA:186,1
DA:188,1
DA:189,1
DA:190,1
DA:191,1
DA:192,1
DA:194,2
DA:196,1
DA:197,1
DA:199,1
DA:201,1
DA:202,1
DA:204,1
DA:205,1
DA:208,1
DA:209,1
DA:211,1
DA:213,1
DA:215,1
DA:217,2
DA:218,1
DA:221,1
DA:223,2
DA:224,1
DA:225,1
DA:227,1
DA:231,1
DA:234,1
DA:236,1
DA:237,1
DA:239,1
DA:241,2
DA:248,2
DA:259,1
DA:261,1
DA:276,1
DA:278,1
DA:281,1
DA:282,1
DA:283,1
DA:284,1
DA:293,1
DA:295,2
DA:296,3
DA:299,1
DA:303,3
DA:306,1
DA:307,1
DA:308,1
DA:310,1
DA:311,1
DA:313,1
LF:139
LH:139
end_of_record
SF:lib\common\constants.dart
DA:15,8
DA:16,4
DA:17,54
DA:19,12
DA:21,15
DA:25,9
DA:26,3
DA:27,3
DA:28,3
DA:29,3
LF:10
LH:10
end_of_record
SF:lib\presentation\provider\movie\movie_detail_notifier.dart
DA:22,1
DA:31,2
DA:34,2
DA:37,2
DA:40,2
DA:43,2
DA:46,2
DA:48,1
DA:49,1
DA:50,1
DA:51,3
DA:52,3
DA:53,1
DA:54,1
DA:55,1
DA:56,2
DA:57,1
DA:59,1
DA:60,1
DA:61,1
DA:62,1
DA:63,1
DA:64,1
DA:65,1
DA:66,2
DA:68,1
DA:69,1
DA:70,1
DA:73,1
DA:74,1
DA:80,2
DA:82,1
DA:83,3
DA:85,2
DA:86,1
DA:87,2
DA:89,1
DA:90,1
DA:94,3
DA:97,1
DA:98,3
DA:100,2
DA:101,1
DA:102,2
DA:104,1
DA:105,1
DA:109,3
DA:112,1
DA:113,3
DA:114,1
DA:115,1
LF:51
LH:51
end_of_record
SF:lib\common\state_enum.dart
DA:1,75
LF:1
LH:1
end_of_record
SF:lib\presentation\widgets\poster_image.dart
DA:5,18
DA:12,18
DA:19,18
DA:21,18
DA:22,18
DA:23,18
DA:24,18
DA:25,18
DA:26,18
DA:27,36
DA:28,18
DA:30,0
LF:12
LH:11
end_of_record
SF:lib\presentation\widgets\movie_card_list.dart
DA:10,5
DA:12,5
DA:14,5
DA:16,5
DA:17,1
DA:18,1
DA:21,2
DA:24,5
DA:26,5
DA:27,5
DA:28,5
DA:34,5
DA:36,5
DA:37,5
DA:38,10
DA:41,5
DA:43,5
DA:44,5
DA:45,10
DA:53,5
DA:58,5
DA:59,5
DA:60,15
DA:63,10
LF:24
LH:24
end_of_record
SF:lib\common\datetime_extension.dart
DA:2,2
DA:3,20
LF:2
LH:2
end_of_record
SF:lib\data\models\episode_model.dart
DA:5,4
DA:27,6
DA:28,6
DA:29,3
DA:30,3
DA:31,3
DA:32,3
DA:33,3
DA:34,3
DA:35,3
DA:36,4
DA:37,3
DA:39,4
DA:41,26
DA:42,2
DA:43,2
DA:44,2
DA:45,2
DA:46,2
DA:47,2
DA:48,2
DA:49,2
DA:50,2
DA:52,3
DA:53,3
DA:54,3
DA:55,3
DA:56,3
DA:57,3
DA:58,3
DA:59,3
DA:60,3
DA:61,3
DA:62,3
DA:63,3
DA:66,6
DA:67,3
DA:68,3
DA:69,3
DA:70,6
DA:71,6
DA:72,3
DA:73,6
DA:74,3
DA:75,3
LF:45
LH:45
end_of_record
SF:lib\domain\entities\episode.dart
DA:4,12
DA:24,2
DA:25,3
DA:27,3
DA:28,3
DA:29,3
DA:30,3
DA:31,3
DA:32,3
DA:33,3
DA:34,3
DA:35,3
DA:36,3
LF:13
LH:13
end_of_record
SF:lib\data\models\season_model.dart
DA:5,4
DA:22,6
DA:23,6
DA:24,3
DA:25,3
DA:26,3
DA:27,3
DA:28,3
DA:29,3
DA:32,4
DA:34,26
DA:35,2
DA:36,2
DA:37,2
DA:38,2
DA:39,2
DA:40,2
DA:42,3
DA:45,24
DA:47,6
DA:48,3
DA:49,3
DA:50,3
DA:51,3
DA:52,3
DA:53,3
DA:54,3
LF:27
LH:27
end_of_record
SF:lib\domain\entities\season.dart
DA:4,11
DA:22,3
DA:24,3
DA:25,3
DA:26,3
DA:27,3
DA:28,3
DA:29,3
DA:30,3
DA:31,3
LF:10
LH:10
end_of_record
SF:lib\domain\usecases\tv\get_season_detail.dart
DA:9,1
DA:11,1
DA:12,2
LF:3
LH:3
end_of_record
SF:lib\presentation\pages\tv\season_detail_page.dart
DA:12,1
DA:17,1
DA:23,1
DA:24,1
DA:30,1
DA:32,2
DA:33,3
DA:34,2
DA:35,5
DA:36,2
DA:37,3
DA:41,3
DA:42,1
DA:44,1
DA:45,2
DA:46,3
DA:48,1
DA:51,1
DA:53,2
DA:54,1
DA:57,1
DA:59,1
DA:61,1
DA:62,1
DA:63,1
DA:64,1
DA:65,1
DA:67,2
DA:68,1
DA:69,1
DA:71,2
DA:72,2
DA:76,1
DA:77,1
DA:78,2
DA:79,1
DA:80,1
DA:81,1
DA:82,1
DA:83,1
DA:85,1
DA:89,1
DA:91,1
DA:97,1
DA:106,1
DA:108,1
DA:109,1
DA:110,1
DA:121,75
DA:123,0
DA:125,1
DA:126,1
DA:127,1
DA:135,75
DA:137,0
DA:139,0
DA:141,0
DA:142,0
DA:143,0
DA:144,0
DA:145,0
DA:146,0
DA:147,0
DA:148,0
DA:150,0
DA:151,0
DA:152,0
DA:153,0
DA:154,0
DA:155,0
DA:157,0
DA:158,0
DA:159,0
DA:161,0
DA:162,0
DA:163,0
DA:170,0
DA:171,0
DA:172,0
DA:173,0
DA:174,0
DA:176,0
DA:177,0
DA:191,75
DA:192,1
DA:194,1
DA:195,1
DA:196,1
DA:197,1
DA:198,1
DA:199,1
DA:200,1
DA:201,1
DA:202,1
DA:203,1
DA:204,1
DA:206,1
DA:208,1
DA:211,1
DA:212,5
DA:214,1
DA:215,1
DA:217,1
DA:219,1
DA:222,1
DA:223,4
DA:238,1
DA:243,1
DA:246,2
DA:247,1
DA:250,1
DA:251,1
DA:252,1
DA:256,1
DA:257,2
DA:258,1
DA:259,1
DA:260,1
DA:263,1
DA:264,3
DA:268,1
DA:269,1
DA:271,1
DA:272,3
DA:273,1
DA:281,1
DA:282,3
DA:283,2
DA:284,1
DA:285,3
DA:286,1
DA:287,1
DA:289,1
DA:290,2
DA:291,3
DA:296,1
DA:298,1
DA:300,1
DA:301,1
DA:302,1
DA:305,1
DA:306,1
DA:307,1
DA:308,1
DA:319,1
DA:320,1
DA:322,1
DA:325,1
LF:148
LH:118
end_of_record
SF:lib\presentation\provider\tv\season_detail_notifier.dart
DA:12,1
DA:15,2
DA:18,2
DA:21,2
DA:23,1
DA:25,1
DA:26,1
DA:27,3
DA:28,1
DA:29,1
DA:30,1
DA:31,2
DA:32,1
DA:34,1
DA:35,1
DA:36,1
DA:38,1
DA:39,1
LF:18
LH:18
end_of_record
SF:lib\presentation\widgets\custom_sliver_header.dart
DA:4,2
DA:10,2
DA:13,2
DA:14,2
DA:15,2
DA:19,2
DA:20,6
DA:22,2
DA:23,6
DA:25,2
LF:10
LH:10
end_of_record
SF:lib\presentation\widgets\episode_card.dart
DA:9,1
DA:16,1
DA:24,1
DA:26,1
DA:27,1
DA:29,1
DA:30,1
DA:31,3
DA:32,1
DA:34,1
DA:37,1
DA:39,1
DA:40,1
DA:41,1
DA:42,1
DA:44,1
DA:47,1
DA:50,1
DA:51,1
DA:53,1
DA:54,1
DA:55,1
DA:56,1
DA:57,1
DA:58,2
DA:60,2
DA:66,3
DA:69,1
DA:70,1
LF:29
LH:29
end_of_record
SF:lib\presentation\widgets\state_widget.dart
DA:5,2
DA:10,2
DA:14,2
DA:16,2
DA:17,2
DA:18,2
DA:20,2
DA:21,4
DA:24,2
DA:25,4
DA:26,2
DA:27,4
DA:28,2
DA:29,2
LF:14
LH:14
end_of_record
SF:lib\presentation\widgets\read_more_text_view.dart
DA:5,2
DA:9,2
DA:12,2
DA:13,2
DA:18,2
DA:19,14
DA:20,6
DA:22,4
DA:25,2
DA:27,2
DA:29,2
DA:30,2
DA:31,4
DA:32,2
DA:34,2
DA:35,1
DA:36,2
DA:37,2
DA:40,4
LF:19
LH:19
end_of_record
SF:lib\data\repositories\movie_repository_impl.dart
DA:19,1
DA:26,1
DA:27,3
DA:29,3
DA:30,2
DA:31,4
DA:32,5
DA:33,1
DA:34,2
DA:35,1
DA:36,2
DA:40,3
DA:41,5
DA:42,1
DA:43,3
DA:49,1
DA:51,3
DA:52,2
DA:53,1
DA:54,2
DA:55,1
DA:56,2
DA:61,1
DA:63,3
DA:64,3
DA:65,1
DA:66,2
DA:67,1
DA:68,2
DA:73,1
DA:75,3
DA:76,5
DA:77,1
DA:78,2
DA:79,1
DA:80,2
DA:85,1
DA:87,3
DA:88,5
DA:89,1
DA:90,2
DA:91,1
DA:92,2
DA:97,1
DA:99,3
DA:100,5
DA:101,1
DA:102,2
DA:103,1
DA:104,2
DA:109,1
DA:112,4
DA:113,1
DA:114,1
DA:115,3
DA:122,1
DA:125,4
DA:126,1
DA:127,1
DA:128,3
DA:133,1
DA:134,3
DA:139,1
DA:140,3
DA:141,5
LF:65
LH:65
end_of_record
SF:lib\data\repositories\tv_repository_impl.dart
DA:20,1
DA:26,1
DA:27,3
DA:29,3
DA:30,2
DA:31,4
DA:32,5
DA:33,1
DA:34,2
DA:35,1
DA:36,2
DA:40,3
DA:41,5
DA:42,1
DA:43,3
DA:49,1
DA:51,3
DA:52,5
DA:53,1
DA:54,2
DA:55,1
DA:56,2
DA:61,1
DA:64,3
DA:65,2
DA:66,1
DA:67,2
DA:68,1
DA:69,2
DA:74,1
DA:76,3
DA:77,5
DA:78,1
DA:79,2
DA:80,1
DA:81,2
DA:86,1
DA:88,3
DA:89,2
DA:90,1
DA:91,2
DA:92,1
DA:93,2
DA:98,1
DA:100,3
DA:101,5
DA:102,1
DA:103,2
DA:104,1
DA:105,2
DA:110,1
DA:111,3
DA:112,5
DA:116,1
DA:117,3
DA:122,1
DA:125,4
DA:126,1
DA:127,1
DA:128,3
DA:133,1
DA:136,4
DA:137,1
DA:138,1
DA:139,3
DA:146,1
DA:148,3
DA:149,5
DA:150,1
DA:151,2
DA:152,1
DA:153,2
LF:72
LH:72
end_of_record
SF:lib\domain\usecases\movie\get_now_playing_movies.dart
DA:9,1
DA:11,1
DA:12,2
LF:3
LH:3
end_of_record
SF:lib\domain\usecases\movie\get_popular_movies.dart
DA:9,1
DA:11,1
DA:12,2
LF:3
LH:3
end_of_record
SF:lib\domain\usecases\movie\get_top_rated_movies.dart
DA:9,1
DA:11,1
DA:12,2
LF:3
LH:3
end_of_record
SF:lib\domain\usecases\movie\get_watchlist_movies.dart
DA:9,1
DA:11,1
DA:12,2
LF:3
LH:3
end_of_record
SF:lib\domain\usecases\movie\search_movies.dart
DA:9,1
DA:11,1
DA:12,2
LF:3
LH:3
end_of_record
SF:lib\domain\usecases\tv\get_now_playing_tv.dart
DA:9,1
DA:11,1
DA:12,2
LF:3
LH:3
end_of_record
SF:lib\domain\usecases\tv\get_popular_tv.dart
DA:9,1
DA:11,1
DA:12,2
LF:3
LH:3
end_of_record
SF:lib\domain\usecases\tv\get_top_rated_tv.dart
DA:9,1
DA:11,1
DA:12,2
LF:3
LH:3
end_of_record
SF:lib\domain\usecases\tv\get_tv_detail.dart
DA:9,1
DA:11,1
DA:12,2
LF:3
LH:3
end_of_record
SF:lib\domain\usecases\tv\get_tv_recommendations.dart
DA:9,1
DA:11,1
DA:12,2
LF:3
LH:3
end_of_record
SF:lib\domain\usecases\tv\get_watchlist_tv_status.dart
DA:6,1
DA:8,1
DA:9,2
LF:3
LH:3
end_of_record
SF:lib\domain\usecases\tv\get_watchlist_tv.dart
DA:9,1
DA:11,1
DA:12,2
LF:3
LH:3
end_of_record
SF:lib\domain\usecases\tv\remove_tv_watchlist.dart
DA:9,1
DA:11,1
DA:12,2
LF:3
LH:3
end_of_record
SF:lib\domain\usecases\tv\save_tv_watchlist.dart
DA:9,1
DA:11,1
DA:12,2
LF:3
LH:3
end_of_record
SF:lib\domain\usecases\tv\search_tv.dart
DA:9,1
DA:11,1
DA:12,2
LF:3
LH:3
end_of_record
SF:lib\presentation\pages\about_page.dart
DA:7,1
DA:9,1
DA:10,1
DA:11,1
DA:12,1
DA:13,1
DA:14,1
DA:15,1
DA:17,1
DA:18,1
DA:25,1
DA:26,1
DA:29,1
DA:31,1
DA:38,1
DA:39,1
DA:40,2
DA:41,1
LF:18
LH:18
end_of_record
SF:lib\presentation\pages\movie\home_movie_page.dart
DA:15,2
DA:16,2
DA:21,2
DA:23,2
DA:24,2
DA:25,6
DA:26,2
DA:27,2
DA:28,2
DA:31,2
DA:33,2
DA:34,2
DA:35,2
DA:37,2
DA:38,2
DA:40,2
DA:41,2
DA:43,2
DA:45,4
DA:46,2
DA:48,2
DA:49,2
DA:50,2
DA:51,2
DA:52,2
DA:55,1
DA:56,1
DA:57,1
DA:59,1
DA:63,2
DA:65,1
DA:66,1
DA:68,4
DA:69,2
DA:71,2
DA:72,2
DA:74,2
DA:75,2
DA:76,2
DA:79,1
DA:80,1
DA:81,1
DA:83,1
DA:87,2
DA:89,1
DA:90,1
DA:92,4
DA:93,2
DA:95,2
DA:96,2
DA:98,2
DA:99,2
DA:100,2
DA:103,1
DA:104,1
DA:105,1
DA:107,1
DA:118,2
DA:119,2
DA:121,2
DA:122,2
DA:124,2
DA:126,2
DA:127,2
DA:128,2
DA:130,2
DA:132,2
DA:133,6
DA:142,2
DA:149,1
DA:151,1
DA:153,1
DA:155,1
DA:157,1
DA:158,2
DA:159,1
DA:161,1
DA:162,1
DA:163,1
DA:166,1
DA:169,1
DA:170,2
DA:171,1
DA:172,2
DA:178,2
LF:85
LH:85
end_of_record
SF:lib\presentation\provider\movie\movie_list_notifier.dart
DA:10,2
DA:13,2
DA:16,2
DA:19,2
DA:22,2
DA:25,2
DA:28,2
DA:30,1
DA:40,1
DA:41,1
DA:42,1
DA:44,3
DA:45,1
DA:46,1
DA:47,1
DA:48,2
DA:49,1
DA:51,1
DA:52,1
DA:53,1
DA:54,1
DA:59,1
DA:60,1
DA:61,1
DA:63,3
DA:64,1
DA:65,1
DA:66,1
DA:67,2
DA:68,1
DA:70,1
DA:71,1
DA:72,1
DA:73,1
DA:78,1
DA:79,1
DA:80,1
DA:82,3
DA:83,1
DA:84,1
DA:85,1
DA:86,2
DA:87,1
DA:89,1
DA:90,1
DA:91,1
DA:92,1
LF:47
LH:47
end_of_record
SF:lib\presentation\pages\home_page.dart
DA:16,2
DA:18,1
DA:19,1
DA:26,4
DA:35,1
DA:36,6
DA:37,2
DA:40,1
DA:42,2
DA:43,1
DA:46,1
DA:48,1
DA:49,1
DA:50,1
DA:51,1
DA:52,1
DA:53,1
DA:54,1
DA:56,1
DA:57,1
DA:59,1
DA:60,1
DA:61,1
DA:63,1
DA:64,1
DA:69,1
DA:70,1
DA:71,1
DA:72,1
DA:74,1
DA:75,1
DA:77,1
DA:78,3
DA:79,1
DA:80,1
DA:87,1
DA:89,1
DA:91,1
DA:92,1
DA:93,1
DA:94,1
DA:96,3
DA:103,3
DA:104,1
DA:105,2
DA:106,1
DA:107,2
DA:108,1
DA:109,1
DA:110,1
DA:111,3
DA:112,1
DA:117,1
DA:118,1
DA:119,1
DA:121,1
DA:122,1
DA:123,1
DA:124,1
DA:125,5
DA:126,1
DA:127,1
DA:128,1
DA:130,4
DA:135,1
DA:145,1
DA:146,1
DA:147,1
DA:148,1
DA:149,4
DA:151,1
DA:152,1
DA:153,1
DA:154,4
DA:155,1
DA:157,2
DA:163,1
DA:164,1
DA:165,2
DA:172,1
DA:173,1
DA:174,1
DA:175,1
DA:176,2
DA:177,4
DA:178,1
DA:179,1
DA:181,1
DA:182,1
DA:183,1
DA:184,2
DA:186,1
DA:187,2
DA:188,2
DA:189,1
DA:191,2
DA:192,1
DA:197,1
DA:199,4
DA:201,1
DA:202,2
DA:209,1
LF:102
LH:102
end_of_record
SF:lib\presentation\pages\tv\home_tv_page.dart
DA:15,2
DA:16,2
DA:21,2
DA:23,2
DA:24,8
DA:25,2
DA:26,2
DA:27,2
DA:30,2
DA:32,2
DA:33,2
DA:34,2
DA:36,2
DA:37,2
DA:39,2
DA:40,2
DA:42,2
DA:44,4
DA:45,2
DA:47,2
DA:48,2
DA:49,2
DA:50,2
DA:51,2
DA:54,1
DA:55,1
DA:56,1
DA:58,1
DA:62,2
DA:64,1
DA:65,1
DA:67,4
DA:68,2
DA:70,2
DA:71,2
DA:73,2
DA:74,2
DA:75,2
DA:78,1
DA:79,1
DA:80,1
DA:82,1
DA:86,2
DA:88,1
DA:89,1
DA:91,4
DA:92,2
DA:94,2
DA:95,2
DA:97,2
DA:98,2
DA:99,2
DA:102,1
DA:103,1
DA:104,1
DA:106,1
DA:117,2
DA:118,2
DA:120,2
DA:121,2
DA:123,2
DA:125,2
DA:126,2
DA:127,2
DA:129,2
DA:131,2
DA:132,6
DA:141,2
DA:148,1
DA:150,1
DA:152,1
DA:154,1
DA:156,1
DA:157,2
DA:158,1
DA:160,1
DA:161,1
DA:162,1
DA:165,1
DA:168,1
DA:169,2
DA:170,1
DA:171,2
DA:177,2
LF:84
LH:84
end_of_record
SF:lib\presentation\pages\tv\search_tv_page.dart
DA:11,1
DA:13,1
DA:14,1
DA:15,1
DA:17,1
DA:19,1
DA:21,1
DA:22,1
DA:23,1
DA:24,1
DA:25,1
DA:27,1
DA:29,1
DA:30,1
DA:34,1
DA:35,1
DA:37,1
DA:39,1
DA:40,1
DA:41,2
DA:42,1
DA:43,1
DA:45,2
DA:46,1
DA:47,1
DA:48,1
DA:50,1
DA:51,2
DA:52,1
DA:54,1
DA:58,1
DA:59,1
LF:32
LH:32
end_of_record
SF:lib\presentation\pages\watchlist_home_page.dart
DA:6,4
DA:8,1
DA:10,1
DA:11,1
DA:13,1
DA:14,1
DA:15,1
DA:16,1
DA:17,1
DA:18,2
DA:22,1
DA:24,1
DA:25,1
DA:26,1
DA:27,1
DA:28,1
LF:16
LH:16
end_of_record
SF:lib\presentation\pages\movie\search_page.dart
DA:11,2
DA:13,2
DA:14,2
DA:15,2
DA:17,2
DA:19,2
DA:21,2
DA:22,2
DA:23,1
DA:24,1
DA:25,1
DA:27,2
DA:29,2
DA:30,2
DA:34,2
DA:35,2
DA:37,2
DA:39,2
DA:40,2
DA:41,4
DA:42,2
DA:43,2
DA:45,2
DA:46,1
DA:47,1
DA:48,1
DA:50,1
DA:51,2
DA:52,1
DA:54,1
DA:58,1
DA:59,1
LF:32
LH:32
end_of_record
SF:lib\presentation\pages\movie\popular_movies_page.dart
DA:10,1
DA:11,1
DA:15,1
DA:17,1
DA:18,2
DA:19,2
DA:20,1
DA:23,1
DA:25,1
DA:26,1
DA:27,1
DA:29,1
DA:31,1
DA:32,1
DA:33,2
DA:34,1
DA:35,1
DA:37,2
DA:38,1
DA:39,1
DA:40,2
DA:41,1
DA:43,2
DA:46,1
DA:47,1
DA:48,2
LF:26
LH:26
end_of_record
SF:lib\presentation\pages\movie\top_rated_movies_page.dart
DA:10,1
DA:11,1
DA:15,1
DA:17,1
DA:18,2
DA:19,2
DA:20,1
DA:23,1
DA:25,1
DA:26,1
DA:27,1
DA:29,1
DA:31,1
DA:32,1
DA:33,2
DA:34,1
DA:35,1
DA:37,2
DA:38,1
DA:39,1
DA:40,2
DA:41,1
DA:43,2
DA:46,1
DA:47,1
DA:48,2
LF:26
LH:26
end_of_record
SF:lib\presentation\provider\movie\popular_movies_notifier.dart
DA:9,1
DA:12,2
DA:15,2
DA:18,2
DA:20,1
DA:21,1
DA:22,1
DA:24,3
DA:26,1
DA:27,1
DA:28,2
DA:29,1
DA:30,1
DA:32,1
DA:33,1
DA:34,1
DA:35,1
LF:17
LH:17
end_of_record
SF:lib\presentation\provider\movie\movie_search_notifier.dart
DA:9,1
DA:12,2
DA:15,2
DA:18,2
DA:20,1
DA:21,1
DA:22,1
DA:24,3
DA:25,1
DA:26,1
DA:27,2
DA:28,1
DA:29,1
DA:31,1
DA:32,1
DA:33,1
DA:34,1
LF:17
LH:17
end_of_record
SF:lib\presentation\provider\movie\top_rated_movies_notifier.dart
DA:9,1
DA:12,2
DA:15,2
DA:18,2
DA:20,1
DA:21,1
DA:22,1
DA:24,3
DA:26,1
DA:27,1
DA:28,2
DA:29,1
DA:30,1
DA:32,1
DA:33,1
DA:34,1
DA:35,1
LF:17
LH:17
end_of_record
SF:lib\presentation\pages\movie\watchlist_movies_page.dart
DA:10,2
DA:11,2
DA:15,2
DA:17,2
DA:18,4
DA:19,4
DA:20,2
DA:23,2
DA:25,2
DA:26,2
DA:28,2
DA:29,2
DA:30,4
DA:31,2
DA:32,2
DA:34,2
DA:35,1
DA:36,1
DA:37,2
DA:38,1
DA:40,2
DA:43,1
DA:44,1
DA:45,2
LF:24
LH:24
end_of_record
SF:lib\presentation\provider\movie\watchlist_movie_notifier.dart
DA:8,2
DA:11,2
DA:14,2
DA:16,1
DA:20,1
DA:21,1
DA:22,1
DA:24,3
DA:25,1
DA:26,1
DA:27,1
DA:28,2
DA:29,1
DA:31,1
DA:32,1
DA:33,1
DA:34,1
LF:17
LH:17
end_of_record
SF:lib\presentation\pages\tv\tv_detail_page.dart
DA:21,1
DA:23,1
DA:24,1
DA:28,1
DA:30,1
DA:31,2
DA:32,2
DA:33,3
DA:34,2
DA:35,3
DA:39,1
DA:41,1
DA:42,1
DA:43,1
DA:44,2
DA:45,1
DA:46,1
DA:48,2
DA:49,1
DA:50,1
DA:51,1
DA:53,1
DA:54,1
DA:58,1
DA:60,2
DA:74,1
DA:76,1
DA:78,3
DA:79,1
DA:80,1
DA:81,1
DA:82,3
DA:85,1
DA:87,1
DA:88,1
DA:89,1
DA:90,1
DA:92,2
DA:99,1
DA:100,1
DA:101,1
DA:103,1
DA:105,1
DA:107,1
DA:108,1
DA:109,2
DA:110,1
DA:112,1
DA:113,2
DA:114,1
DA:116,1
DA:117,1
DA:118,1
DA:119,2
DA:121,2
DA:123,2
DA:125,2
DA:128,1
DA:131,1
DA:133,1
DA:136,1
DA:139,2
DA:140,2
DA:142,1
DA:144,1
DA:145,1
DA:146,1
DA:151,1
DA:153,1
DA:154,1
DA:155,1
DA:156,1
DA:157,1
DA:161,1
DA:162,3
DA:164,1
DA:165,2
DA:167,3
DA:169,1
DA:170,1
DA:171,1
DA:172,2
DA:174,3
DA:176,2
DA:182,4
DA:185,1
DA:186,1
DA:188,1
DA:190,1
DA:191,2
DA:193,1
DA:194,1
DA:196,1
DA:197,1
DA:199,1
DA:201,1
DA:202,1
DA:203,1
DA:206,1
DA:209,1
DA:210,1
DA:214,3
DA:215,1
DA:216,1
DA:218,1
DA:220,1
DA:221,1
DA:222,1
DA:225,1
DA:226,3
DA:227,2
DA:229,3
DA:233,1
DA:235,3
DA:239,1
DA:240,1
DA:242,1
DA:244,1
DA:245,1
DA:246,1
DA:247,1
DA:248,1
DA:250,1
DA:252,1
DA:253,1
DA:255,1
DA:256,1
DA:259,1
DA:260,1
DA:262,1
DA:264,1
DA:266,1
DA:267,2
DA:268,1
DA:271,1
DA:273,2
DA:274,1
DA:275,1
DA:277,1
DA:280,1
DA:283,1
DA:285,1
DA:286,1
DA:288,1
DA:290,2
DA:297,2
DA:301,1
DA:302,1
DA:304,2
DA:313,1
DA:315,1
DA:330,1
DA:332,1
DA:335,1
DA:336,1
DA:337,1
DA:338,1
DA:347,1
DA:349,2
DA:350,3
DA:353,1
DA:357,3
DA:360,1
DA:361,1
DA:362,1
DA:364,1
DA:365,1
DA:367,1
LF:168
LH:168
end_of_record
SF:lib\presentation\pages\tv\popular_tvs_page.dart
DA:10,1
DA:11,1
DA:15,1
DA:17,1
DA:18,2
DA:19,2
DA:20,1
DA:23,1
DA:25,1
DA:26,1
DA:27,1
DA:29,1
DA:31,1
DA:32,1
DA:33,2
DA:34,1
DA:35,1
DA:37,2
DA:38,1
DA:39,1
DA:40,2
DA:41,1
DA:43,2
DA:46,1
DA:47,1
DA:48,2
LF:26
LH:26
end_of_record
SF:lib\presentation\pages\tv\top_rated_tvs_page.dart
DA:10,1
DA:11,1
DA:15,1
DA:17,1
DA:18,2
DA:19,2
DA:20,1
DA:23,1
DA:25,1
DA:26,1
DA:27,1
DA:29,1
DA:31,1
DA:32,1
DA:33,2
DA:34,1
DA:35,1
DA:37,2
DA:38,1
DA:39,1
DA:40,2
DA:41,1
DA:43,2
DA:46,1
DA:47,1
DA:48,2
LF:26
LH:26
end_of_record
SF:lib\presentation\provider\tv\tv_list_notifier.dart
DA:10,2
DA:13,2
DA:16,2
DA:19,2
DA:22,2
DA:25,2
DA:28,2
DA:30,1
DA:40,1
DA:41,1
DA:42,1
DA:44,3
DA:45,1
DA:46,1
DA:47,1
DA:48,2
DA:49,1
DA:51,1
DA:52,1
DA:53,1
DA:54,1
DA:59,1
DA:60,1
DA:61,1
DA:63,3
DA:64,1
DA:65,1
DA:66,1
DA:67,2
DA:68,1
DA:70,1
DA:71,1
DA:72,1
DA:73,1
DA:78,1
DA:79,1
DA:80,1
DA:82,3
DA:83,1
DA:84,1
DA:85,1
DA:86,2
DA:87,1
DA:89,1
DA:90,1
DA:91,1
DA:92,1
LF:47
LH:47
end_of_record
SF:lib\presentation\provider\tv\popular_tvs_notifier.dart
DA:9,1
DA:12,2
DA:15,2
DA:18,2
DA:20,1
DA:21,1
DA:22,1
DA:24,3
DA:26,1
DA:27,1
DA:28,2
DA:29,1
DA:30,1
DA:32,1
DA:33,1
DA:34,1
DA:35,1
LF:17
LH:17
end_of_record
SF:lib\presentation\widgets\tv_card_list.dart
DA:10,5
DA:12,5
DA:14,5
DA:16,5
DA:17,1
DA:18,1
DA:21,2
DA:24,5
DA:26,5
DA:27,5
DA:28,5
DA:34,5
DA:36,5
DA:37,5
DA:38,10
DA:41,5
DA:43,5
DA:44,5
DA:45,10
DA:53,5
DA:58,5
DA:59,5
DA:60,15
DA:63,10
LF:24
LH:24
end_of_record
SF:lib\presentation\provider\tv\tv_search_notifier.dart
DA:9,1
DA:12,2
DA:15,2
DA:18,2
DA:20,1
DA:21,1
DA:22,1
DA:24,3
DA:25,1
DA:26,1
DA:27,2
DA:28,1
DA:29,1
DA:31,1
DA:32,1
DA:33,1
DA:34,1
LF:17
LH:17
end_of_record
SF:lib\presentation\pages\tv\season_list_page.dart
DA:9,2
DA:12,1
DA:14,3
DA:15,2
DA:16,1
DA:17,1
DA:18,1
DA:20,1
DA:22,1
DA:23,1
DA:24,1
DA:25,1
DA:26,2
DA:27,1
DA:28,1
DA:29,1
DA:32,1
DA:34,2
DA:36,3
DA:40,1
DA:47,1
LF:21
LH:21
end_of_record
SF:lib\presentation\widgets\season_card.dart
DA:7,3
DA:11,3
DA:16,3
DA:18,3
DA:19,6
DA:20,3
DA:22,3
DA:24,3
DA:25,3
DA:26,3
DA:27,3
DA:29,3
DA:30,9
DA:31,3
DA:34,3
DA:36,3
DA:37,3
DA:38,3
DA:39,9
DA:40,3
DA:42,3
DA:43,15
DA:44,3
DA:46,3
DA:48,3
DA:49,39
LF:26
LH:26
end_of_record
SF:lib\presentation\provider\tv\top_rated_tv_notifier.dart
DA:9,1
DA:12,2
DA:15,2
DA:18,2
DA:20,1
DA:21,1
DA:22,1
DA:24,3
DA:26,1
DA:27,1
DA:28,2
DA:29,1
DA:30,1
DA:32,1
DA:33,1
DA:34,1
DA:35,1
LF:17
LH:17
end_of_record
SF:lib\presentation\provider\tv\tv_detail_notifier.dart
DA:21,1
DA:30,2
DA:33,2
DA:36,2
DA:39,2
DA:42,2
DA:45,2
DA:47,1
DA:48,1
DA:49,1
DA:50,3
DA:51,3
DA:52,1
DA:53,1
DA:54,1
DA:55,2
DA:56,1
DA:58,1
DA:59,1
DA:60,1
DA:61,1
DA:62,1
DA:63,1
DA:64,1
DA:65,2
DA:67,1
DA:68,1
DA:69,1
DA:72,1
DA:73,1
DA:79,2
DA:81,1
DA:82,3
DA:84,2
DA:85,1
DA:86,2
DA:88,1
DA:89,1
DA:93,3
DA:96,1
DA:97,3
DA:99,2
DA:100,1
DA:101,2
DA:103,1
DA:104,1
DA:108,3
DA:111,1
DA:112,3
DA:113,1
DA:114,1
LF:51
LH:51
end_of_record
SF:lib\presentation\pages\tv\watchlist_tvs_page.dart
DA:10,1
DA:11,1
DA:15,1
DA:17,1
DA:18,2
DA:19,2
DA:20,1
DA:23,1
DA:25,1
DA:26,1
DA:28,1
DA:29,1
DA:30,2
DA:31,1
DA:32,1
DA:34,2
DA:35,1
DA:36,1
DA:37,2
DA:38,1
DA:40,2
DA:43,1
DA:44,1
DA:45,2
LF:24
LH:24
end_of_record
SF:lib\presentation\provider\tv\watch_list_tv_notifier.dart
DA:8,2
DA:11,2
DA:14,2
DA:16,1
DA:20,1
DA:21,1
DA:22,1
DA:24,3
DA:25,1
DA:26,1
DA:27,1
DA:28,2
DA:29,1
DA:31,1
DA:32,1
DA:33,1
DA:34,1
LF:17
LH:17
end_of_record
